This file contains any messages produced by compilers while
running configure, to aid debugging if configure makes a mistake.

It was created by libssh2 configure -, which was
generated by GNU Autoconf 2.71.  Invocation command line was

  $ ./configure CC=/opt/pu300/host/usr/bin/powerpc-buildroot-linux-uclibcspe-gcc --host=powerpc-linux --prefix=/Output

## --------- ##
## Platform. ##
## --------- ##

hostname = ubuntu
uname -m = i686
uname -r = 3.19.0-84-generic
uname -s = Linux
uname -v = #92-Ubuntu SMP Fri Mar 24 15:46:05 UTC 2017

/usr/bin/uname -p = unknown
/bin/uname -X     = unknown

/bin/arch              = unknown
/usr/bin/arch -k       = unknown
/usr/convex/getsysinfo = unknown
/usr/bin/hostinfo      = unknown
/bin/machine           = unknown
/usr/bin/oslevel       = unknown
/bin/universe          = unknown

PATH: /usr/local/sbin/
PATH: /usr/local/bin/
PATH: /usr/sbin/
PATH: /usr/bin/
PATH: /sbin/
PATH: /bin/
PATH: /usr/games/
PATH: /usr/local/games/


## ----------- ##
## Core tests. ##
## ----------- ##

configure:3011: looking for aux files: config.rpath ltmain.sh compile config.guess config.sub missing install-sh
configure:3024:  trying ./
configure:3053:   ./config.rpath found
configure:3053:   ./ltmain.sh found
configure:3053:   ./compile found
configure:3053:   ./config.guess found
configure:3053:   ./config.sub found
configure:3053:   ./missing found
configure:3035:   ./install-sh found
configure:3169: checking whether to enable maintainer-specific portions of Makefiles
configure:3179: result: no
configure:3204: checking whether make supports nested variables
configure:3222: result: yes
configure:3236: checking for sed
configure:3260: found /bin/sed
configure:3273: result: /bin/sed
configure:3307: checking for a BSD-compatible install
configure:3380: result: /usr/bin/install -c
configure:3391: checking whether build environment is sane
configure:3446: result: yes
configure:3502: checking for powerpc-linux-strip
configure:3537: result: no
configure:3547: checking for strip
configure:3568: found /usr/bin/strip
configure:3579: result: strip
configure:3605: checking for a race-free mkdir -p
configure:3649: result: /bin/mkdir -p
configure:3656: checking for gawk
configure:3691: result: no
configure:3656: checking for mawk
configure:3677: found /usr/bin/mawk
configure:3688: result: mawk
configure:3699: checking whether make sets $(MAKE)
configure:3722: result: yes
configure:3865: checking libssh2 version
configure:3867: result: 1.10.0
configure:3880: checking build system type
configure:3895: result: i686-pc-linux-uclibc
configure:3915: checking host system type
configure:3929: result: powerpc-unknown-linux-gnu
configure:3956: autobuild project... libssh2
configure:3962: autobuild revision... 1.10.0
configure:3967: autobuild hostname... ubuntu
configure:3978: autobuild timestamp... 20230531-102350
configure:4017: checking whether make supports the include directive
configure:4032: make -f confmf.GNU && cat confinc.out
make: Warning: File 'confinc.mk' has modification time 0.89 s in the future
make: warning:  Clock skew detected.  Your build may be incomplete.
this is the am__doit target
configure:4035: $? = 0
configure:4054: result: yes (GNU style)
configure:4085: checking for powerpc-linux-gcc
configure:4117: result: /opt/pu300/host/usr/bin/powerpc-buildroot-linux-uclibcspe-gcc
configure:4515: checking for C compiler version
configure:4524: /opt/pu300/host/usr/bin/powerpc-buildroot-linux-uclibcspe-gcc --version >&5
powerpc-buildroot-linux-uclibcspe-gcc (Buildroot 2015.08.1) 4.9.3
Copyright (C) 2015 Free Software Foundation, Inc.
This is free software; see the source for copying conditions.  There is NO
warranty; not even for MERCHANTABILITY or FITNESS FOR A PARTICULAR PURPOSE.

configure:4535: $? = 0
configure:4524: /opt/pu300/host/usr/bin/powerpc-buildroot-linux-uclibcspe-gcc -v >&5
Using built-in specs.
COLLECT_GCC=/opt/pu300/host/usr/bin/powerpc-buildroot-linux-uclibcspe-gcc
COLLECT_LTO_WRAPPER=/opt/pu300/host/usr/bin/../libexec/gcc/powerpc-buildroot-linux-uclibcspe/4.9.3/lto-wrapper
Target: powerpc-buildroot-linux-uclibcspe
Configured with: ./configure --prefix=/home/yang/yang/buildroot-2015.08.1/output/host/usr --sysconfdir=/home/yang/yang/buildroot-2015.08.1/output/host/etc --enable-static --target=powerpc-buildroot-linux-uclibcspe --with-sysroot=/home/yang/yang/buildroot-2015.08.1/output/host/usr/powerpc-buildroot-linux-uclibcspe/sysroot --disable-__cxa_atexit --with-gnu-ld --disable-libssp --disable-multilib --with-gmp=/home/yang/yang/buildroot-2015.08.1/output/host/usr --with-mpfr=/home/yang/yang/buildroot-2015.08.1/output/host/usr --with-pkgversion='Buildroot 2015.08.1' --with-bugurl=http://bugs.buildroot.net/ --disable-libsanitizer --enable-tls --disable-libmudflap --enable-threads --with-mpc=/home/yang/yang/buildroot-2015.08.1/output/host/usr --without-isl --without-cloog --disable-decimal-float --with-cpu=8548 --enable-e500_double --with-long-double-128 --enable-languages=c,c++ --enable-poison-system-directories --with-build-time-tools=/home/yang/yang/buildroot-2015.08.1/output/host/usr/powerpc-buildroot-linux-uclibcspe/bin --enable-shared --disable-libgomp
Thread model: posix
gcc version 4.9.3 (Buildroot 2015.08.1) 
configure:4535: $? = 0
configure:4524: /opt/pu300/host/usr/bin/powerpc-buildroot-linux-uclibcspe-gcc -V >&5
powerpc-buildroot-linux-uclibcspe-gcc: error: unrecognized command line option '-V'
powerpc-buildroot-linux-uclibcspe-gcc: fatal error: no input files
compilation terminated.
configure:4535: $? = 1
configure:4524: /opt/pu300/host/usr/bin/powerpc-buildroot-linux-uclibcspe-gcc -qversion >&5
powerpc-buildroot-linux-uclibcspe-gcc: error: unrecognized command line option '-qversion'
powerpc-buildroot-linux-uclibcspe-gcc: fatal error: no input files
compilation terminated.
configure:4535: $? = 1
configure:4524: /opt/pu300/host/usr/bin/powerpc-buildroot-linux-uclibcspe-gcc -version >&5
powerpc-buildroot-linux-uclibcspe-gcc: error: unrecognized command line option '-version'
powerpc-buildroot-linux-uclibcspe-gcc: fatal error: no input files
compilation terminated.
configure:4535: $? = 1
configure:4555: checking whether the C compiler works
configure:4577: /opt/pu300/host/usr/bin/powerpc-buildroot-linux-uclibcspe-gcc    conftest.c  >&5
configure:4581: $? = 0
configure:4631: result: yes
configure:4634: checking for C compiler default output file name
configure:4636: result: a.out
configure:4642: checking for suffix of executables
configure:4649: /opt/pu300/host/usr/bin/powerpc-buildroot-linux-uclibcspe-gcc -o conftest    conftest.c  >&5
configure:4653: $? = 0
configure:4676: result: 
configure:4698: checking whether we are cross compiling
configure:4706: /opt/pu300/host/usr/bin/powerpc-buildroot-linux-uclibcspe-gcc -o conftest    conftest.c  >&5
configure:4710: $? = 0
configure:4717: ./conftest
./configure: line 4719: ./conftest: cannot execute binary file: Exec format error
configure:4721: $? = 126
configure:4736: result: yes
configure:4741: checking for suffix of object files
configure:4764: /opt/pu300/host/usr/bin/powerpc-buildroot-linux-uclibcspe-gcc -c   conftest.c >&5
configure:4768: $? = 0
configure:4790: result: o
configure:4794: checking whether the compiler supports GNU C
configure:4814: /opt/pu300/host/usr/bin/powerpc-buildroot-linux-uclibcspe-gcc -c   conftest.c >&5
configure:4814: $? = 0
configure:4824: result: yes
configure:4835: checking whether /opt/pu300/host/usr/bin/powerpc-buildroot-linux-uclibcspe-gcc accepts -g
configure:4856: /opt/pu300/host/usr/bin/powerpc-buildroot-linux-uclibcspe-gcc -c -g  conftest.c >&5
configure:4856: $? = 0
configure:4900: result: yes
configure:4920: checking for /opt/pu300/host/usr/bin/powerpc-buildroot-linux-uclibcspe-gcc option to enable C11 features
configure:4935: /opt/pu300/host/usr/bin/powerpc-buildroot-linux-uclibcspe-gcc  -c -g -O2  conftest.c >&5
conftest.c:63:3: error: #error "Compiler does not advertise C99 conformance"
 # error "Compiler does not advertise C99 conformance"
   ^
conftest.c:118:29: error: expected ';', ',' or ')' before 'text'
 test_restrict (ccp restrict text)
                             ^
conftest.c:167:3: error: #error "Compiler does not advertise C11 conformance"
 # error "Compiler does not advertise C11 conformance"
   ^
conftest.c:198:12: error: 'syntax' undeclared here (not in a function)
 #define u8 syntax error!
            ^
conftest.c:199:29: note: in expansion of macro 'u8'
 char const utf8_literal[] = u8"happens to be ASCII" "another string";
                             ^
conftest.c:198:19: error: expected ',' or ';' before 'error'
 #define u8 syntax error!
                   ^
conftest.c:199:29: note: in expansion of macro 'u8'
 char const utf8_literal[] = u8"happens to be ASCII" "another string";
                             ^
conftest.c: In function 'main':
conftest.c:232:18: error: expected '=', ',', ';', 'asm' or '__attribute__' before 'newvar'
   char *restrict newvar = "Another string";
                  ^
conftest.c:232:18: error: 'newvar' undeclared (first use in this function)
conftest.c:232:18: note: each undeclared identifier is reported only once for each function it appears in
conftest.c:242:3: error: 'for' loop initial declarations are only allowed in C99 or C11 mode
   for (int i = 0; i < ia->datasize; ++i)
   ^
conftest.c:242:3: note: use option -std=c99, -std=gnu99, -std=c11 or -std=gnu11 to compile your code
configure:4935: $? = 1
configure: failed program was:
| /* confdefs.h */
| #define PACKAGE_NAME "libssh2"
| #define PACKAGE_TARNAME "libssh2"
| #define PACKAGE_VERSION "-"
| #define PACKAGE_STRING "libssh2 -"
| #define PACKAGE_BUGREPORT "libssh2-devel@cool.haxx.se"
| #define PACKAGE_URL ""
| #define PACKAGE "libssh2"
| #define VERSION "-"
| /* end confdefs.h.  */
| 
| /* Does the compiler advertise C89 conformance?
|    Do not test the value of __STDC__, because some compilers set it to 0
|    while being otherwise adequately conformant. */
| #if !defined __STDC__
| # error "Compiler does not advertise C89 conformance"
| #endif
| 
| #include <stddef.h>
| #include <stdarg.h>
| struct stat;
| /* Most of the following tests are stolen from RCS 5.7 src/conf.sh.  */
| struct buf { int x; };
| struct buf * (*rcsopen) (struct buf *, struct stat *, int);
| static char *e (p, i)
|      char **p;
|      int i;
| {
|   return p[i];
| }
| static char *f (char * (*g) (char **, int), char **p, ...)
| {
|   char *s;
|   va_list v;
|   va_start (v,p);
|   s = g (p, va_arg (v,int));
|   va_end (v);
|   return s;
| }
| 
| /* OSF 4.0 Compaq cc is some sort of almost-ANSI by default.  It has
|    function prototypes and stuff, but not \xHH hex character constants.
|    These do not provoke an error unfortunately, instead are silently treated
|    as an "x".  The following induces an error, until -std is added to get
|    proper ANSI mode.  Curiously \x00 != x always comes out true, for an
|    array size at least.  It is necessary to write \x00 == 0 to get something
|    that is true only with -std.  */
| int osf4_cc_array ['\x00' == 0 ? 1 : -1];
| 
| /* IBM C 6 for AIX is almost-ANSI by default, but it replaces macro parameters
|    inside strings and character constants.  */
| #define FOO(x) 'x'
| int xlc6_cc_array[FOO(a) == 'x' ? 1 : -1];
| 
| int test (int i, double x);
| struct s1 {int (*f) (int a);};
| struct s2 {int (*f) (double a);};
| int pairnames (int, char **, int *(*)(struct buf *, struct stat *, int),
|                int, int);
| 
| // Does the compiler advertise C99 conformance?
| #if !defined __STDC_VERSION__ || __STDC_VERSION__ < 199901L
| # error "Compiler does not advertise C99 conformance"
| #endif
| 
| #include <stdbool.h>
| extern int puts (const char *);
| extern int printf (const char *, ...);
| extern int dprintf (int, const char *, ...);
| extern void *malloc (size_t);
| 
| // Check varargs macros.  These examples are taken from C99 6.10.3.5.
| // dprintf is used instead of fprintf to avoid needing to declare
| // FILE and stderr.
| #define debug(...) dprintf (2, __VA_ARGS__)
| #define showlist(...) puts (#__VA_ARGS__)
| #define report(test,...) ((test) ? puts (#test) : printf (__VA_ARGS__))
| static void
| test_varargs_macros (void)
| {
|   int x = 1234;
|   int y = 5678;
|   debug ("Flag");
|   debug ("X = %d\n", x);
|   showlist (The first, second, and third items.);
|   report (x>y, "x is %d but y is %d", x, y);
| }
| 
| // Check long long types.
| #define BIG64 18446744073709551615ull
| #define BIG32 4294967295ul
| #define BIG_OK (BIG64 / BIG32 == 4294967297ull && BIG64 % BIG32 == 0)
| #if !BIG_OK
|   #error "your preprocessor is broken"
| #endif
| #if BIG_OK
| #else
|   #error "your preprocessor is broken"
| #endif
| static long long int bignum = -9223372036854775807LL;
| static unsigned long long int ubignum = BIG64;
| 
| struct incomplete_array
| {
|   int datasize;
|   double data[];
| };
| 
| struct named_init {
|   int number;
|   const wchar_t *name;
|   double average;
| };
| 
| typedef const char *ccp;
| 
| static inline int
| test_restrict (ccp restrict text)
| {
|   // See if C++-style comments work.
|   // Iterate through items via the restricted pointer.
|   // Also check for declarations in for loops.
|   for (unsigned int i = 0; *(text+i) != '\0'; ++i)
|     continue;
|   return 0;
| }
| 
| // Check varargs and va_copy.
| static bool
| test_varargs (const char *format, ...)
| {
|   va_list args;
|   va_start (args, format);
|   va_list args_copy;
|   va_copy (args_copy, args);
| 
|   const char *str = "";
|   int number = 0;
|   float fnumber = 0;
| 
|   while (*format)
|     {
|       switch (*format++)
| 	{
| 	case 's': // string
| 	  str = va_arg (args_copy, const char *);
| 	  break;
| 	case 'd': // int
| 	  number = va_arg (args_copy, int);
| 	  break;
| 	case 'f': // float
| 	  fnumber = va_arg (args_copy, double);
| 	  break;
| 	default:
| 	  break;
| 	}
|     }
|   va_end (args_copy);
|   va_end (args);
| 
|   return *str && number && fnumber;
| }
| 
| 
| // Does the compiler advertise C11 conformance?
| #if !defined __STDC_VERSION__ || __STDC_VERSION__ < 201112L
| # error "Compiler does not advertise C11 conformance"
| #endif
| 
| // Check _Alignas.
| char _Alignas (double) aligned_as_double;
| char _Alignas (0) no_special_alignment;
| extern char aligned_as_int;
| char _Alignas (0) _Alignas (int) aligned_as_int;
| 
| // Check _Alignof.
| enum
| {
|   int_alignment = _Alignof (int),
|   int_array_alignment = _Alignof (int[100]),
|   char_alignment = _Alignof (char)
| };
| _Static_assert (0 < -_Alignof (int), "_Alignof is signed");
| 
| // Check _Noreturn.
| int _Noreturn does_not_return (void) { for (;;) continue; }
| 
| // Check _Static_assert.
| struct test_static_assert
| {
|   int x;
|   _Static_assert (sizeof (int) <= sizeof (long int),
|                   "_Static_assert does not work in struct");
|   long int y;
| };
| 
| // Check UTF-8 literals.
| #define u8 syntax error!
| char const utf8_literal[] = u8"happens to be ASCII" "another string";
| 
| // Check duplicate typedefs.
| typedef long *long_ptr;
| typedef long int *long_ptr;
| typedef long_ptr long_ptr;
| 
| // Anonymous structures and unions -- taken from C11 6.7.2.1 Example 1.
| struct anonymous
| {
|   union {
|     struct { int i; int j; };
|     struct { int k; long int l; } w;
|   };
|   int m;
| } v1;
| 
| 
| int
| main (int argc, char **argv)
| {
|   int ok = 0;
|   
| ok |= (argc == 0 || f (e, argv, 0) != argv[0] || f (e, argv, 1) != argv[1]);
| 
|   
|   // Check bool.
|   _Bool success = false;
|   success |= (argc != 0);
| 
|   // Check restrict.
|   if (test_restrict ("String literal") == 0)
|     success = true;
|   char *restrict newvar = "Another string";
| 
|   // Check varargs.
|   success &= test_varargs ("s, d' f .", "string", 65, 34.234);
|   test_varargs_macros ();
| 
|   // Check flexible array members.
|   struct incomplete_array *ia =
|     malloc (sizeof (struct incomplete_array) + (sizeof (double) * 10));
|   ia->datasize = 10;
|   for (int i = 0; i < ia->datasize; ++i)
|     ia->data[i] = i * 1.234;
| 
|   // Check named initializers.
|   struct named_init ni = {
|     .number = 34,
|     .name = L"Test wide string",
|     .average = 543.34343,
|   };
| 
|   ni.number = 58;
| 
|   int dynamic_array[ni.number];
|   dynamic_array[0] = argv[0][0];
|   dynamic_array[ni.number - 1] = 543;
| 
|   // work around unused variable warnings
|   ok |= (!success || bignum == 0LL || ubignum == 0uLL || newvar[0] == 'x'
| 	 || dynamic_array[ni.number - 1] != 543);
| 
|   
|   _Static_assert ((offsetof (struct anonymous, i)
| 		   == offsetof (struct anonymous, w.k)),
| 		  "Anonymous union alignment botch");
|   v1.i = 2;
|   v1.w.k = 5;
|   ok |= v1.i != 5;
| 
|   return ok;
| }
| 
configure:4935: /opt/pu300/host/usr/bin/powerpc-buildroot-linux-uclibcspe-gcc -std=gnu11 -c -g -O2  conftest.c >&5
configure:4935: $? = 0
configure:4956: result: -std=gnu11
configure:5069: checking whether /opt/pu300/host/usr/bin/powerpc-buildroot-linux-uclibcspe-gcc -std=gnu11 understands -c and -o together
configure:5092: /opt/pu300/host/usr/bin/powerpc-buildroot-linux-uclibcspe-gcc -std=gnu11 -c conftest.c -o conftest2.o
configure:5095: $? = 0
configure:5092: /opt/pu300/host/usr/bin/powerpc-buildroot-linux-uclibcspe-gcc -std=gnu11 -c conftest.c -o conftest2.o
configure:5095: $? = 0
configure:5107: result: yes
configure:5126: checking dependency style of /opt/pu300/host/usr/bin/powerpc-buildroot-linux-uclibcspe-gcc -std=gnu11
configure:5238: result: gcc3
configure:5258: checking for stdio.h
configure:5258: /opt/pu300/host/usr/bin/powerpc-buildroot-linux-uclibcspe-gcc -std=gnu11 -c -g -O2  conftest.c >&5
configure:5258: $? = 0
configure:5258: result: yes
configure:5258: checking for stdlib.h
configure:5258: /opt/pu300/host/usr/bin/powerpc-buildroot-linux-uclibcspe-gcc -std=gnu11 -c -g -O2  conftest.c >&5
configure:5258: $? = 0
configure:5258: result: yes
configure:5258: checking for string.h
configure:5258: /opt/pu300/host/usr/bin/powerpc-buildroot-linux-uclibcspe-gcc -std=gnu11 -c -g -O2  conftest.c >&5
configure:5258: $? = 0
configure:5258: result: yes
configure:5258: checking for inttypes.h
configure:5258: /opt/pu300/host/usr/bin/powerpc-buildroot-linux-uclibcspe-gcc -std=gnu11 -c -g -O2  conftest.c >&5
configure:5258: $? = 0
configure:5258: result: yes
configure:5258: checking for stdint.h
configure:5258: /opt/pu300/host/usr/bin/powerpc-buildroot-linux-uclibcspe-gcc -std=gnu11 -c -g -O2  conftest.c >&5
configure:5258: $? = 0
configure:5258: result: yes
configure:5258: checking for strings.h
configure:5258: /opt/pu300/host/usr/bin/powerpc-buildroot-linux-uclibcspe-gcc -std=gnu11 -c -g -O2  conftest.c >&5
configure:5258: $? = 0
configure:5258: result: yes
configure:5258: checking for sys/stat.h
configure:5258: /opt/pu300/host/usr/bin/powerpc-buildroot-linux-uclibcspe-gcc -std=gnu11 -c -g -O2  conftest.c >&5
configure:5258: $? = 0
configure:5258: result: yes
configure:5258: checking for sys/types.h
configure:5258: /opt/pu300/host/usr/bin/powerpc-buildroot-linux-uclibcspe-gcc -std=gnu11 -c -g -O2  conftest.c >&5
configure:5258: $? = 0
configure:5258: result: yes
configure:5258: checking for unistd.h
configure:5258: /opt/pu300/host/usr/bin/powerpc-buildroot-linux-uclibcspe-gcc -std=gnu11 -c -g -O2  conftest.c >&5
configure:5258: $? = 0
configure:5258: result: yes
configure:5283: checking for long long
configure:5283: /opt/pu300/host/usr/bin/powerpc-buildroot-linux-uclibcspe-gcc -std=gnu11 -c -g -O2  conftest.c >&5
configure:5283: $? = 0
configure:5283: /opt/pu300/host/usr/bin/powerpc-buildroot-linux-uclibcspe-gcc -std=gnu11 -c -g -O2  conftest.c >&5
conftest.c: In function 'main':
conftest.c:52:24: error: expected expression before ')' token
 if (sizeof ((long long)))
                        ^
configure:5283: $? = 1
configure: failed program was:
| /* confdefs.h */
| #define PACKAGE_NAME "libssh2"
| #define PACKAGE_TARNAME "libssh2"
| #define PACKAGE_VERSION "-"
| #define PACKAGE_STRING "libssh2 -"
| #define PACKAGE_BUGREPORT "libssh2-devel@cool.haxx.se"
| #define PACKAGE_URL ""
| #define PACKAGE "libssh2"
| #define VERSION "-"
| #define HAVE_STDIO_H 1
| #define HAVE_STDLIB_H 1
| #define HAVE_STRING_H 1
| #define HAVE_INTTYPES_H 1
| #define HAVE_STDINT_H 1
| #define HAVE_STRINGS_H 1
| #define HAVE_SYS_STAT_H 1
| #define HAVE_SYS_TYPES_H 1
| #define HAVE_UNISTD_H 1
| #define STDC_HEADERS 1
| /* end confdefs.h.  */
| #include <stddef.h>
| #ifdef HAVE_STDIO_H
| # include <stdio.h>
| #endif
| #ifdef HAVE_STDLIB_H
| # include <stdlib.h>
| #endif
| #ifdef HAVE_STRING_H
| # include <string.h>
| #endif
| #ifdef HAVE_INTTYPES_H
| # include <inttypes.h>
| #endif
| #ifdef HAVE_STDINT_H
| # include <stdint.h>
| #endif
| #ifdef HAVE_STRINGS_H
| # include <strings.h>
| #endif
| #ifdef HAVE_SYS_TYPES_H
| # include <sys/types.h>
| #endif
| #ifdef HAVE_SYS_STAT_H
| # include <sys/stat.h>
| #endif
| #ifdef HAVE_UNISTD_H
| # include <unistd.h>
| #endif
| int
| main (void)
| {
| if (sizeof ((long long)))
| 	    return 0;
|   ;
|   return 0;
| }
configure:5283: result: yes
configure:5296: checking if _REENTRANT is already defined
configure:5318: /opt/pu300/host/usr/bin/powerpc-buildroot-linux-uclibcspe-gcc -std=gnu11 -c -g -O2  conftest.c >&5
conftest.c: In function 'main':
conftest.c:32:7: error: unknown type name 'force'
       force compilation error
       ^
conftest.c:32:25: error: expected '=', ',', ';', 'asm' or '__attribute__' before 'error'
       force compilation error
                         ^
configure:5318: $? = 1
configure: failed program was:
| /* confdefs.h */
| #define PACKAGE_NAME "libssh2"
| #define PACKAGE_TARNAME "libssh2"
| #define PACKAGE_VERSION "-"
| #define PACKAGE_STRING "libssh2 -"
| #define PACKAGE_BUGREPORT "libssh2-devel@cool.haxx.se"
| #define PACKAGE_URL ""
| #define PACKAGE "libssh2"
| #define VERSION "-"
| #define HAVE_STDIO_H 1
| #define HAVE_STDLIB_H 1
| #define HAVE_STRING_H 1
| #define HAVE_INTTYPES_H 1
| #define HAVE_STDINT_H 1
| #define HAVE_STRINGS_H 1
| #define HAVE_SYS_STAT_H 1
| #define HAVE_SYS_TYPES_H 1
| #define HAVE_UNISTD_H 1
| #define STDC_HEADERS 1
| #define HAVE_LONGLONG 1
| /* end confdefs.h.  */
| 
| 
| 
| int
| main (void)
| {
| 
| #ifdef _REENTRANT
|       int dummy=1;
| #else
|       force compilation error
| #endif
| 
|   ;
|   return 0;
| }
| 
configure:5327: result: no
configure:5335: checking if _REENTRANT is actually needed
configure:5352: result: no
configure:5357: checking if _REENTRANT is onwards defined
configure:5374: result: no
configure:5381: checking for library containing socket
configure:5411: /opt/pu300/host/usr/bin/powerpc-buildroot-linux-uclibcspe-gcc -std=gnu11 -o conftest -g -O2   conftest.c  >&5
configure:5411: $? = 0
configure:5431: result: none required
configure:5442: checking for library containing inet_addr
configure:5472: /opt/pu300/host/usr/bin/powerpc-buildroot-linux-uclibcspe-gcc -std=gnu11 -o conftest -g -O2   conftest.c  >&5
configure:5472: $? = 0
configure:5492: result: none required
configure:5512: checking for powerpc-linux-gcc
configure:5544: result: /opt/pu300/host/usr/bin/powerpc-buildroot-linux-uclibcspe-gcc
configure:5942: checking for C compiler version
configure:5951: /opt/pu300/host/usr/bin/powerpc-buildroot-linux-uclibcspe-gcc --version >&5
powerpc-buildroot-linux-uclibcspe-gcc (Buildroot 2015.08.1) 4.9.3
Copyright (C) 2015 Free Software Foundation, Inc.
This is free software; see the source for copying conditions.  There is NO
warranty; not even for MERCHANTABILITY or FITNESS FOR A PARTICULAR PURPOSE.

configure:5962: $? = 0
configure:5951: /opt/pu300/host/usr/bin/powerpc-buildroot-linux-uclibcspe-gcc -v >&5
Using built-in specs.
COLLECT_GCC=/opt/pu300/host/usr/bin/powerpc-buildroot-linux-uclibcspe-gcc
COLLECT_LTO_WRAPPER=/opt/pu300/host/usr/bin/../libexec/gcc/powerpc-buildroot-linux-uclibcspe/4.9.3/lto-wrapper
Target: powerpc-buildroot-linux-uclibcspe
Configured with: ./configure --prefix=/home/yang/yang/buildroot-2015.08.1/output/host/usr --sysconfdir=/home/yang/yang/buildroot-2015.08.1/output/host/etc --enable-static --target=powerpc-buildroot-linux-uclibcspe --with-sysroot=/home/yang/yang/buildroot-2015.08.1/output/host/usr/powerpc-buildroot-linux-uclibcspe/sysroot --disable-__cxa_atexit --with-gnu-ld --disable-libssp --disable-multilib --with-gmp=/home/yang/yang/buildroot-2015.08.1/output/host/usr --with-mpfr=/home/yang/yang/buildroot-2015.08.1/output/host/usr --with-pkgversion='Buildroot 2015.08.1' --with-bugurl=http://bugs.buildroot.net/ --disable-libsanitizer --enable-tls --disable-libmudflap --enable-threads --with-mpc=/home/yang/yang/buildroot-2015.08.1/output/host/usr --without-isl --without-cloog --disable-decimal-float --with-cpu=8548 --enable-e500_double --with-long-double-128 --enable-languages=c,c++ --enable-poison-system-directories --with-build-time-tools=/home/yang/yang/buildroot-2015.08.1/output/host/usr/powerpc-buildroot-linux-uclibcspe/bin --enable-shared --disable-libgomp
Thread model: posix
gcc version 4.9.3 (Buildroot 2015.08.1) 
configure:5962: $? = 0
configure:5951: /opt/pu300/host/usr/bin/powerpc-buildroot-linux-uclibcspe-gcc -V >&5
powerpc-buildroot-linux-uclibcspe-gcc: error: unrecognized command line option '-V'
powerpc-buildroot-linux-uclibcspe-gcc: fatal error: no input files
compilation terminated.
configure:5962: $? = 1
configure:5951: /opt/pu300/host/usr/bin/powerpc-buildroot-linux-uclibcspe-gcc -qversion >&5
powerpc-buildroot-linux-uclibcspe-gcc: error: unrecognized command line option '-qversion'
powerpc-buildroot-linux-uclibcspe-gcc: fatal error: no input files
compilation terminated.
configure:5962: $? = 1
configure:5951: /opt/pu300/host/usr/bin/powerpc-buildroot-linux-uclibcspe-gcc -version >&5
powerpc-buildroot-linux-uclibcspe-gcc: error: unrecognized command line option '-version'
powerpc-buildroot-linux-uclibcspe-gcc: fatal error: no input files
compilation terminated.
configure:5962: $? = 1
configure:5966: checking whether the compiler supports GNU C
configure:5996: result: yes
configure:6007: checking whether /opt/pu300/host/usr/bin/powerpc-buildroot-linux-uclibcspe-gcc accepts -g
configure:6072: result: yes
configure:6092: checking for /opt/pu300/host/usr/bin/powerpc-buildroot-linux-uclibcspe-gcc option to enable C11 features
configure:6128: result: -std=gnu11
configure:6241: checking whether /opt/pu300/host/usr/bin/powerpc-buildroot-linux-uclibcspe-gcc -std=gnu11 understands -c and -o together
configure:6279: result: yes
configure:6298: checking dependency style of /opt/pu300/host/usr/bin/powerpc-buildroot-linux-uclibcspe-gcc -std=gnu11
configure:6410: result: gcc3
configure:6445: checking for powerpc-linux-g++
configure:6480: result: no
configure:6445: checking for powerpc-linux-c++
configure:6480: result: no
configure:6445: checking for powerpc-linux-gpp
configure:6480: result: no
configure:6445: checking for powerpc-linux-aCC
configure:6480: result: no
configure:6445: checking for powerpc-linux-CC
configure:6480: result: no
configure:6445: checking for powerpc-linux-cxx
configure:6480: result: no
configure:6445: checking for powerpc-linux-cc++
configure:6480: result: no
configure:6445: checking for powerpc-linux-cl.exe
configure:6480: result: no
configure:6445: checking for powerpc-linux-FCC
configure:6480: result: no
configure:6445: checking for powerpc-linux-KCC
configure:6480: result: no
configure:6445: checking for powerpc-linux-RCC
configure:6480: result: no
configure:6445: checking for powerpc-linux-xlC_r
configure:6480: result: no
configure:6445: checking for powerpc-linux-xlC
configure:6480: result: no
configure:6445: checking for powerpc-linux-clang++
configure:6480: result: no
configure:6494: checking for g++
configure:6515: found /usr/bin/g++
configure:6526: result: g++
configure:6542: WARNING: using cross tools not prefixed with host triplet
configure:6553: checking for C++ compiler version
configure:6562: g++ --version >&5
g++ (Ubuntu 4.9.2-10ubuntu13) 4.9.2
Copyright (C) 2014 Free Software Foundation, Inc.
This is free software; see the source for copying conditions.  There is NO
warranty; not even for MERCHANTABILITY or FITNESS FOR A PARTICULAR PURPOSE.

configure:6573: $? = 0
configure:6562: g++ -v >&5
Using built-in specs.
COLLECT_GCC=g++
COLLECT_LTO_WRAPPER=/usr/lib/gcc/i686-linux-gnu/4.9/lto-wrapper
Target: i686-linux-gnu
Configured with: ../src/configure -v --with-pkgversion='Ubuntu 4.9.2-10ubuntu13' --with-bugurl=file:///usr/share/doc/gcc-4.9/README.Bugs --enable-languages=c,c++,java,go,d,fortran,objc,obj-c++ --prefix=/usr --program-suffix=-4.9 --enable-shared --enable-linker-build-id --libexecdir=/usr/lib --without-included-gettext --enable-threads=posix --with-gxx-include-dir=/usr/include/c++/4.9 --libdir=/usr/lib --enable-nls --with-sysroot=/ --enable-clocale=gnu --enable-libstdcxx-debug --enable-libstdcxx-time=yes --enable-gnu-unique-object --disable-vtable-verify --enable-plugin --with-system-zlib --disable-browser-plugin --enable-java-awt=gtk --enable-gtk-cairo --with-java-home=/usr/lib/jvm/java-1.5.0-gcj-4.9-i386/jre --enable-java-home --with-jvm-root-dir=/usr/lib/jvm/java-1.5.0-gcj-4.9-i386 --with-jvm-jar-dir=/usr/lib/jvm-exports/java-1.5.0-gcj-4.9-i386 --with-arch-directory=i386 --with-ecj-jar=/usr/share/java/eclipse-ecj.jar --enable-objc-gc --enable-targets=all --enable-multiarch --disable-werror --with-arch-32=i686 --with-multilib-list=m32,m64,mx32 --enable-multilib --with-tune=generic --enable-checking=release --build=i686-linux-gnu --host=i686-linux-gnu --target=i686-linux-gnu
Thread model: posix
gcc version 4.9.2 (Ubuntu 4.9.2-10ubuntu13) 
configure:6573: $? = 0
configure:6562: g++ -V >&5
g++: error: unrecognized command line option '-V'
g++: fatal error: no input files
compilation terminated.
configure:6573: $? = 4
configure:6562: g++ -qversion >&5
g++: error: unrecognized command line option '-qversion'
g++: fatal error: no input files
compilation terminated.
configure:6573: $? = 4
configure:6577: checking whether the compiler supports GNU C++
configure:6597: g++ -c   conftest.cpp >&5
configure:6597: $? = 0
configure:6607: result: yes
configure:6618: checking whether g++ accepts -g
configure:6639: g++ -c -g  conftest.cpp >&5
configure:6639: $? = 0
configure:6683: result: yes
configure:6703: checking for g++ option to enable C++11 features
configure:6718: g++  -c -g -O2  conftest.cpp >&5
conftest.cpp:68:3: error: #error "Compiler does not advertise C++11 conformance"
 # error "Compiler does not advertise C++11 conformance"
   ^
conftest.cpp:73:3: error: 'constexpr' does not name a type
   constexpr int get_val() { return 20; }
   ^
conftest.cpp:73:3: note: C++11 'constexpr' only available with -std=c++11 or -std=gnu++11
conftest.cpp: In constructor 'cxx11test::delegate::delegate()':
conftest.cpp:85:30: warning: delegating constructors only available with -std=c++11 or -std=gnu++11
     delegate(): delegate(2354) {}
                              ^
conftest.cpp: At global scope:
conftest.cpp:96:24: warning: override controls (override/final) only available with -std=c++11 or -std=gnu++11
     virtual int getval() override final { return this->n * 2; }
                        ^
conftest.cpp:96:26: warning: override controls (override/final) only available with -std=c++11 or -std=gnu++11
     virtual int getval() override final { return this->n * 2; }
                          ^
conftest.cpp:103:16: warning: defaulted and deleted functions only available with -std=c++11 or -std=gnu++11
     nocopy() = default;
                ^
conftest.cpp:104:29: warning: defaulted and deleted functions only available with -std=c++11 or -std=gnu++11
     nocopy(const nocopy&) = delete;
                             ^
conftest.cpp:105:41: warning: defaulted and deleted functions only available with -std=c++11 or -std=gnu++11
     nocopy & operator=(const nocopy&) = delete;
                                         ^
conftest.cpp:117:46: error: ISO C++ forbids declaration of 'sum' with no type [-fpermissive]
   template <typename V> auto sum(V first) -> V
                                              ^
conftest.cpp:117:46: error: top-level declaration of 'sum' specifies 'auto'
conftest.cpp:117:46: error: trailing return type only available with -std=c++11 or -std=gnu++11
conftest.cpp:121:33: warning: variadic templates only available with -std=c++11 or -std=gnu++11
   template <typename V, typename... Args> auto sum(V first, Args... rest) -> V
                                 ^
conftest.cpp:121:69: warning: variadic templates only available with -std=c++11 or -std=gnu++11
   template <typename V, typename... Args> auto sum(V first, Args... rest) -> V
                                                                     ^
conftest.cpp:121:78: error: ISO C++ forbids declaration of 'sum' with no type [-fpermissive]
   template <typename V, typename... Args> auto sum(V first, Args... rest) -> V
                                                                              ^
conftest.cpp:121:78: error: top-level declaration of 'sum' specifies 'auto'
conftest.cpp:121:78: error: trailing return type only available with -std=c++11 or -std=gnu++11
conftest.cpp: In function 'int main(int, char**)':
conftest.cpp:145:8: error: 'a1' does not name a type
   auto a1 = 6538;
        ^
conftest.cpp:146:8: error: 'a2' does not name a type
   auto a2 = 48573953.4;
        ^
conftest.cpp:147:8: error: 'a3' does not name a type
   auto a3 = "String literal";
        ^
conftest.cpp:150:13: error: 'i' does not name a type
   for (auto i = a3; *i; ++i) { total += *i; }
             ^
conftest.cpp:150:21: error: expected ';' before '*' token
   for (auto i = a3; *i; ++i) { total += *i; }
                     ^
conftest.cpp:150:22: error: 'i' was not declared in this scope
   for (auto i = a3; *i; ++i) { total += *i; }
                      ^
conftest.cpp:152:12: error: 'a2' was not declared in this scope
   decltype(a2) a4 = 34895.034;
            ^
conftest.cpp:152:14: error: 'decltype' was not declared in this scope
   decltype(a2) a4 = 34895.034;
              ^
conftest.cpp:156:12: error: 'get_val' is not a member of 'cxx11test'
   short sa[cxx11test::get_val()] = { 0 };
            ^
conftest.cpp:166:14: error: ISO C++ forbids declaration of 'x' with no type [-fpermissive]
   for (auto &x : array) { x += 23; }
              ^
conftest.cpp:166:18: error: range-based 'for' loops are not allowed in C++98 mode
   for (auto &x : array) { x += 23; }
                  ^
conftest.cpp:171:41: warning: lambda expressions only available with -std=c++11 or -std=gnu++11
   assert (eval ([](int x) { return x*2; }, 21) == 42);
                                         ^
conftest.cpp:171:46: error: no matching function for call to 'eval(main(int, char**)::<lambda(int)>, int)'
   assert (eval ([](int x) { return x*2; }, 21) == 42);
                                              ^
conftest.cpp:171:46: note: candidate is:
conftest.cpp:111:44: note: template<class Ret, class Fn> Ret cxx11test::eval(Fn, Ret)
   template <typename Ret, typename Fn> Ret eval(Fn f, Ret v)
                                            ^
conftest.cpp:111:44: note:   template argument deduction/substitution failed:
conftest.cpp: In substitution of 'template<class Ret, class Fn> Ret cxx11test::eval(Fn, Ret) [with Ret = int; Fn = main(int, char**)::<lambda(int)>]':
conftest.cpp:171:46:   required from here
conftest.cpp:171:46: error: template argument for 'template<class Ret, class Fn> Ret cxx11test::eval(Fn, Ret)' uses local type 'main(int, char**)::<lambda(int)>'
   assert (eval ([](int x) { return x*2; }, 21) == 42);
                                              ^
conftest.cpp:171:46: error:   trying to instantiate 'template<class Ret, class Fn> Ret cxx11test::eval(Fn, Ret)'
conftest.cpp:173:48: warning: lambda expressions only available with -std=c++11 or -std=gnu++11
   assert (eval ([&](double x) { return d += x; }, 3.0) == 5.0);
                                                ^
conftest.cpp:173:54: error: no matching function for call to 'eval(main(int, char**)::<lambda(double)>, double)'
   assert (eval ([&](double x) { return d += x; }, 3.0) == 5.0);
                                                      ^
conftest.cpp:173:54: note: candidate is:
conftest.cpp:111:44: note: template<class Ret, class Fn> Ret cxx11test::eval(Fn, Ret)
   template <typename Ret, typename Fn> Ret eval(Fn f, Ret v)
                                            ^
conftest.cpp:111:44: note:   template argument deduction/substitution failed:
conftest.cpp: In substitution of 'template<class Ret, class Fn> Ret cxx11test::eval(Fn, Ret) [with Ret = double; Fn = main(int, char**)::<lambda(double)>]':
conftest.cpp:173:54:   required from here
conftest.cpp:173:54: error: template argument for 'template<class Ret, class Fn> Ret cxx11test::eval(Fn, Ret)' uses local type 'main(int, char**)::<lambda(double)>'
   assert (eval ([&](double x) { return d += x; }, 3.0) == 5.0);
                                                      ^
conftest.cpp:173:54: error:   trying to instantiate 'template<class Ret, class Fn> Ret cxx11test::eval(Fn, Ret)'
conftest.cpp:175:56: warning: lambda expressions only available with -std=c++11 or -std=gnu++11
   assert (eval ([=](double x) mutable { return d += x; }, 4.0) == 9.0);
                                                        ^
conftest.cpp:175:62: error: no matching function for call to 'eval(main(int, char**)::<lambda(double)>, double)'
   assert (eval ([=](double x) mutable { return d += x; }, 4.0) == 9.0);
                                                              ^
conftest.cpp:175:62: note: candidate is:
conftest.cpp:111:44: note: template<class Ret, class Fn> Ret cxx11test::eval(Fn, Ret)
   template <typename Ret, typename Fn> Ret eval(Fn f, Ret v)
                                            ^
conftest.cpp:111:44: note:   template argument deduction/substitution failed:
conftest.cpp: In substitution of 'template<class Ret, class Fn> Ret cxx11test::eval(Fn, Ret) [with Ret = double; Fn = main(int, char**)::<lambda(double)>]':
conftest.cpp:175:62:   required from here
conftest.cpp:175:62: error: template argument for 'template<class Ret, class Fn> Ret cxx11test::eval(Fn, Ret)' uses local type 'main(int, char**)::<lambda(double)>'
   assert (eval ([=](double x) mutable { return d += x; }, 4.0) == 9.0);
                                                              ^
conftest.cpp:175:62: error:   trying to instantiate 'template<class Ret, class Fn> Ret cxx11test::eval(Fn, Ret)'
conftest.cpp:180:20: error: 'cxx11test::sum' has not been declared
   using cxx11test::sum;
                    ^
conftest.cpp:181:8: error: 'a' does not name a type
   auto a = sum(1);
        ^
conftest.cpp:182:8: error: 'b' does not name a type
   auto b = sum(1, 2);
        ^
conftest.cpp:183:8: error: 'c' does not name a type
   auto c = sum(1.0, 2.0, 3.0);
        ^
conftest.cpp:197:13: error: 'nullptr' was not declared in this scope
   char *c = nullptr;
             ^
conftest.cpp:201:36: error: '>>' should be '> >' within a nested template argument list
   test_template<::test_template<int>> v(test_template<int>(12));
                                    ^
conftest.cpp:201:16: error: '<::' cannot begin a template-argument list [-fpermissive]
   test_template<::test_template<int>> v(test_template<int>(12));
                ^
conftest.cpp:201:16: note: '<:' is an alternate spelling for '['. Insert whitespace between '<' and '::'
conftest.cpp:201:16: note: (if you use '-fpermissive' or '-std=c++11', or '-std=gnu++11' G++ will accept your code)
conftest.cpp:205:22: error: 'u8' was not declared in this scope
   char const *utf8 = u8"UTF-8 string \u2500";
                      ^
conftest.cpp:206:3: error: 'char16_t' was not declared in this scope
   char16_t const *utf16 = u"UTF-8 string \u2500";
   ^
conftest.cpp:207:3: error: 'char32_t' was not declared in this scope
   char32_t const *utf32 = U"UTF-32 string \u2500";
   ^
configure:6718: $? = 1
configure: failed program was:
| /* confdefs.h */
| #define PACKAGE_NAME "libssh2"
| #define PACKAGE_TARNAME "libssh2"
| #define PACKAGE_VERSION "-"
| #define PACKAGE_STRING "libssh2 -"
| #define PACKAGE_BUGREPORT "libssh2-devel@cool.haxx.se"
| #define PACKAGE_URL ""
| #define PACKAGE "libssh2"
| #define VERSION "-"
| #define HAVE_STDIO_H 1
| #define HAVE_STDLIB_H 1
| #define HAVE_STRING_H 1
| #define HAVE_INTTYPES_H 1
| #define HAVE_STDINT_H 1
| #define HAVE_STRINGS_H 1
| #define HAVE_SYS_STAT_H 1
| #define HAVE_SYS_TYPES_H 1
| #define HAVE_UNISTD_H 1
| #define STDC_HEADERS 1
| #define HAVE_LONGLONG 1
| /* end confdefs.h.  */
| 
| // Does the compiler advertise C++98 conformance?
| #if !defined __cplusplus || __cplusplus < 199711L
| # error "Compiler does not advertise C++98 conformance"
| #endif
| 
| // These inclusions are to reject old compilers that
| // lack the unsuffixed header files.
| #include <cstdlib>
| #include <exception>
| 
| // <cassert> and <cstring> are *not* freestanding headers in C++98.
| extern void assert (int);
| namespace std {
|   extern int strcmp (const char *, const char *);
| }
| 
| // Namespaces, exceptions, and templates were all added after "C++ 2.0".
| using std::exception;
| using std::strcmp;
| 
| namespace {
| 
| void test_exception_syntax()
| {
|   try {
|     throw "test";
|   } catch (const char *s) {
|     // Extra parentheses suppress a warning when building autoconf itself,
|     // due to lint rules shared with more typical C programs.
|     assert (!(strcmp) (s, "test"));
|   }
| }
| 
| template <typename T> struct test_template
| {
|   T const val;
|   explicit test_template(T t) : val(t) {}
|   template <typename U> T add(U u) { return static_cast<T>(u) + val; }
| };
| 
| } // anonymous namespace
| 
| 
| // Does the compiler advertise C++ 2011 conformance?
| #if !defined __cplusplus || __cplusplus < 201103L
| # error "Compiler does not advertise C++11 conformance"
| #endif
| 
| namespace cxx11test
| {
|   constexpr int get_val() { return 20; }
| 
|   struct testinit
|   {
|     int i;
|     double d;
|   };
| 
|   class delegate
|   {
|   public:
|     delegate(int n) : n(n) {}
|     delegate(): delegate(2354) {}
| 
|     virtual int getval() { return this->n; };
|   protected:
|     int n;
|   };
| 
|   class overridden : public delegate
|   {
|   public:
|     overridden(int n): delegate(n) {}
|     virtual int getval() override final { return this->n * 2; }
|   };
| 
|   class nocopy
|   {
|   public:
|     nocopy(int i): i(i) {}
|     nocopy() = default;
|     nocopy(const nocopy&) = delete;
|     nocopy & operator=(const nocopy&) = delete;
|   private:
|     int i;
|   };
| 
|   // for testing lambda expressions
|   template <typename Ret, typename Fn> Ret eval(Fn f, Ret v)
|   {
|     return f(v);
|   }
| 
|   // for testing variadic templates and trailing return types
|   template <typename V> auto sum(V first) -> V
|   {
|     return first;
|   }
|   template <typename V, typename... Args> auto sum(V first, Args... rest) -> V
|   {
|     return first + sum(rest...);
|   }
| }
| 
| 
| int
| main (int argc, char **argv)
| {
|   int ok = 0;
|   
|   assert (argc);
|   assert (! argv[0]);
| {
|   test_exception_syntax ();
|   test_template<double> tt (2.0);
|   assert (tt.add (4) == 6.0);
|   assert (true && !false);
| }
| 
|   
| {
|   // Test auto and decltype
|   auto a1 = 6538;
|   auto a2 = 48573953.4;
|   auto a3 = "String literal";
| 
|   int total = 0;
|   for (auto i = a3; *i; ++i) { total += *i; }
| 
|   decltype(a2) a4 = 34895.034;
| }
| {
|   // Test constexpr
|   short sa[cxx11test::get_val()] = { 0 };
| }
| {
|   // Test initializer lists
|   cxx11test::testinit il = { 4323, 435234.23544 };
| }
| {
|   // Test range-based for
|   int array[] = {9, 7, 13, 15, 4, 18, 12, 10, 5, 3,
|                  14, 19, 17, 8, 6, 20, 16, 2, 11, 1};
|   for (auto &x : array) { x += 23; }
| }
| {
|   // Test lambda expressions
|   using cxx11test::eval;
|   assert (eval ([](int x) { return x*2; }, 21) == 42);
|   double d = 2.0;
|   assert (eval ([&](double x) { return d += x; }, 3.0) == 5.0);
|   assert (d == 5.0);
|   assert (eval ([=](double x) mutable { return d += x; }, 4.0) == 9.0);
|   assert (d == 5.0);
| }
| {
|   // Test use of variadic templates
|   using cxx11test::sum;
|   auto a = sum(1);
|   auto b = sum(1, 2);
|   auto c = sum(1.0, 2.0, 3.0);
| }
| {
|   // Test constructor delegation
|   cxx11test::delegate d1;
|   cxx11test::delegate d2();
|   cxx11test::delegate d3(45);
| }
| {
|   // Test override and final
|   cxx11test::overridden o1(55464);
| }
| {
|   // Test nullptr
|   char *c = nullptr;
| }
| {
|   // Test template brackets
|   test_template<::test_template<int>> v(test_template<int>(12));
| }
| {
|   // Unicode literals
|   char const *utf8 = u8"UTF-8 string \u2500";
|   char16_t const *utf16 = u"UTF-8 string \u2500";
|   char32_t const *utf32 = U"UTF-32 string \u2500";
| }
| 
|   return ok;
| }
| 
configure:6736: result: none needed
configure:6802: checking dependency style of g++
configure:6914: result: gcc3
configure:6930: checking whether ln -s works
configure:6937: result: no, using cp -pR
configure:6941: checking whether make sets $(MAKE)
configure:6964: result: yes
configure:6977: checking for sshd
configure:7015: result: no
configure:7411: checking how to print strings
configure:7438: result: printf
configure:7459: checking for a sed that does not truncate output
configure:7529: result: /bin/sed
configure:7547: checking for grep that handles long lines and -e
configure:7611: result: /bin/grep
configure:7616: checking for egrep
configure:7684: result: /bin/grep -E
configure:7689: checking for fgrep
configure:7757: result: /bin/grep -F
configure:7793: checking for ld used by /opt/pu300/host/usr/bin/powerpc-buildroot-linux-uclibcspe-gcc -std=gnu11
configure:7861: result: /opt/pu300/host/usr/powerpc-buildroot-linux-uclibcspe/bin/ld
configure:7868: checking if the linker (/opt/pu300/host/usr/powerpc-buildroot-linux-uclibcspe/bin/ld) is GNU ld
configure:7884: result: yes
configure:7896: checking for BSD- or MS-compatible name lister (nm)
configure:7951: result: no
configure:7965: checking for powerpc-linux-dumpbin
configure:8000: result: no
configure:7965: checking for powerpc-linux-link
configure:8000: result: no
configure:8014: checking for dumpbin
configure:8049: result: no
configure:8014: checking for link
configure:8035: found /usr/bin/link
configure:8046: result: link -dump
configure:8091: checking the name lister (nm) interface
configure:8099: /opt/pu300/host/usr/bin/powerpc-buildroot-linux-uclibcspe-gcc -std=gnu11 -c -g -O2  conftest.c >&5
configure:8102: nm "conftest.o"
configure:8105: output
00000000 S some_variable
configure:8112: result: BSD nm
configure:8116: checking the maximum length of command line arguments
configure:8248: result: 1572864
configure:8296: checking how to convert i686-pc-linux-uclibc file names to powerpc-unknown-linux-gnu format
configure:8337: result: func_convert_file_noop
configure:8344: checking how to convert i686-pc-linux-uclibc file names to toolchain format
configure:8365: result: func_convert_file_noop
configure:8372: checking for /opt/pu300/host/usr/powerpc-buildroot-linux-uclibcspe/bin/ld option to reload object files
configure:8380: result: -r
configure:8414: checking for powerpc-linux-objdump
configure:8446: result: objdump
configure:8520: checking how to recognize dependent libraries
configure:8721: result: pass_all
configure:8766: checking for powerpc-linux-dlltool
configure:8798: result: dlltool
configure:8873: checking how to associate runtime and link libraries
configure:8901: result: printf %s\n
configure:8917: checking for powerpc-linux-ar
configure:8952: result: no
configure:8966: checking for ar
configure:8987: found /usr/bin/ar
configure:8998: result: ar
configure:9035: checking for archiver @FILE support
configure:9053: /opt/pu300/host/usr/bin/powerpc-buildroot-linux-uclibcspe-gcc -std=gnu11 -c -g -O2  conftest.c >&5
configure:9053: $? = 0
configure:9057: ar cr libconftest.a @conftest.lst >&5
configure:9060: $? = 0
configure:9065: ar cr libconftest.a @conftest.lst >&5
ar: conftest.o: No such file or directory
configure:9068: $? = 1
configure:9080: result: @
configure:9098: checking for powerpc-linux-strip
configure:9130: result: strip
configure:9207: checking for powerpc-linux-ranlib
configure:9242: result: no
configure:9252: checking for ranlib
configure:9273: found /usr/bin/ranlib
configure:9284: result: ranlib
configure:9386: checking command to parse nm output from /opt/pu300/host/usr/bin/powerpc-buildroot-linux-uclibcspe-gcc -std=gnu11 object
configure:9540: /opt/pu300/host/usr/bin/powerpc-buildroot-linux-uclibcspe-gcc -std=gnu11 -c -g -O2  conftest.c >&5
configure:9543: $? = 0
configure:9547: nm conftest.o | sed -n -e 's/^.*[	 ]\([ABCDGIRSTW][ABCDGIRSTW]*\)[	 ][	 ]*\([_A-Za-z][_A-Za-z0-9]*\)$/\1 \2 \2/p' | sed '/ __gnu_lto/d' > conftest.nm
configure:9613: /opt/pu300/host/usr/bin/powerpc-buildroot-linux-uclibcspe-gcc -std=gnu11 -o conftest -g -O2   conftest.c conftstm.o >&5
configure:9616: $? = 0
configure:9654: result: ok
configure:9701: checking for sysroot
configure:9732: result: no
configure:9739: checking for a working dd
configure:9783: result: /bin/dd
configure:9787: checking how to truncate binary pipes
configure:9803: result: /bin/dd bs=4096 count=1
configure:9940: /opt/pu300/host/usr/bin/powerpc-buildroot-linux-uclibcspe-gcc -std=gnu11 -c -g -O2  conftest.c >&5
configure:9943: $? = 0
configure:10095: checking for powerpc-linux-mt
configure:10130: result: no
configure:10140: checking for mt
configure:10161: found /bin/mt
configure:10172: result: mt
configure:10195: checking if mt is a manifest tool
configure:10202: mt '-?'
configure:10210: result: no
configure:10936: checking for dlfcn.h
configure:10936: /opt/pu300/host/usr/bin/powerpc-buildroot-linux-uclibcspe-gcc -std=gnu11 -c -g -O2  conftest.c >&5
configure:10936: $? = 0
configure:10936: result: yes
configure:11204: checking for objdir
configure:11220: result: .libs
configure:11484: checking if /opt/pu300/host/usr/bin/powerpc-buildroot-linux-uclibcspe-gcc -std=gnu11 supports -fno-rtti -fno-exceptions
configure:11503: /opt/pu300/host/usr/bin/powerpc-buildroot-linux-uclibcspe-gcc -std=gnu11 -c -g -O2  -fno-rtti -fno-exceptions conftest.c >&5
cc1: warning: command line option '-fno-rtti' is valid for C++/ObjC++ but not for C
configure:11507: $? = 0
configure:11520: result: no
configure:11884: checking for /opt/pu300/host/usr/bin/powerpc-buildroot-linux-uclibcspe-gcc -std=gnu11 option to produce PIC
configure:11892: result: -fPIC -DPIC
configure:11900: checking if /opt/pu300/host/usr/bin/powerpc-buildroot-linux-uclibcspe-gcc -std=gnu11 PIC flag -fPIC -DPIC works
configure:11919: /opt/pu300/host/usr/bin/powerpc-buildroot-linux-uclibcspe-gcc -std=gnu11 -c -g -O2  -fPIC -DPIC -DPIC conftest.c >&5
configure:11923: $? = 0
configure:11936: result: yes
configure:11965: checking if /opt/pu300/host/usr/bin/powerpc-buildroot-linux-uclibcspe-gcc -std=gnu11 static flag -static works
configure:11994: result: yes
configure:12009: checking if /opt/pu300/host/usr/bin/powerpc-buildroot-linux-uclibcspe-gcc -std=gnu11 supports -c -o file.o
configure:12031: /opt/pu300/host/usr/bin/powerpc-buildroot-linux-uclibcspe-gcc -std=gnu11 -c -g -O2  -o out/conftest2.o conftest.c >&5
configure:12035: $? = 0
configure:12057: result: yes
configure:12065: checking if /opt/pu300/host/usr/bin/powerpc-buildroot-linux-uclibcspe-gcc -std=gnu11 supports -c -o file.o
configure:12113: result: yes
configure:12146: checking whether the /opt/pu300/host/usr/bin/powerpc-buildroot-linux-uclibcspe-gcc -std=gnu11 linker (/opt/pu300/host/usr/powerpc-buildroot-linux-uclibcspe/bin/ld) supports shared libraries
configure:13416: result: yes
configure:13453: checking whether -lc should be explicitly linked in
configure:13462: /opt/pu300/host/usr/bin/powerpc-buildroot-linux-uclibcspe-gcc -std=gnu11 -c -g -O2  conftest.c >&5
configure:13465: $? = 0
configure:13480: /opt/pu300/host/usr/bin/powerpc-buildroot-linux-uclibcspe-gcc -std=gnu11 -shared  -fPIC -DPIC conftest.o  -v -Wl,-soname -Wl,conftest -o conftest 2\>\&1 \| /bin/grep  -lc  \>/dev/null 2\>\&1
configure:13483: $? = 0
configure:13497: result: no
configure:13657: checking dynamic linker characteristics
configure:14239: /opt/pu300/host/usr/bin/powerpc-buildroot-linux-uclibcspe-gcc -std=gnu11 -o conftest -g -O2   -Wl,-rpath -Wl,/foo conftest.c  >&5
configure:14239: $? = 0
configure:14490: result: GNU/Linux ld.so
configure:14612: checking how to hardcode library paths into programs
configure:14637: result: immediate
configure:15189: checking whether stripping libraries is possible
configure:15194: result: yes
configure:15229: checking if libtool supports shared libraries
configure:15231: result: yes
configure:15234: checking whether to build shared libraries
configure:15259: result: yes
configure:15262: checking whether to build static libraries
configure:15266: result: yes
configure:15289: checking how to run the C++ preprocessor
configure:15311: g++ -E  conftest.cpp
configure:15311: $? = 0
configure:15326: g++ -E  conftest.cpp
conftest.cpp:24:28: fatal error: ac_nonexistent.h: No such file or directory
 #include <ac_nonexistent.h>
                            ^
compilation terminated.
configure:15326: $? = 1
configure: failed program was:
| /* confdefs.h */
| #define PACKAGE_NAME "libssh2"
| #define PACKAGE_TARNAME "libssh2"
| #define PACKAGE_VERSION "-"
| #define PACKAGE_STRING "libssh2 -"
| #define PACKAGE_BUGREPORT "libssh2-devel@cool.haxx.se"
| #define PACKAGE_URL ""
| #define PACKAGE "libssh2"
| #define VERSION "-"
| #define HAVE_STDIO_H 1
| #define HAVE_STDLIB_H 1
| #define HAVE_STRING_H 1
| #define HAVE_INTTYPES_H 1
| #define HAVE_STDINT_H 1
| #define HAVE_STRINGS_H 1
| #define HAVE_SYS_STAT_H 1
| #define HAVE_SYS_TYPES_H 1
| #define HAVE_UNISTD_H 1
| #define STDC_HEADERS 1
| #define HAVE_LONGLONG 1
| #define HAVE_DLFCN_H 1
| #define LT_OBJDIR ".libs/"
| /* end confdefs.h.  */
| #include <ac_nonexistent.h>
configure:15353: result: g++ -E
configure:15367: g++ -E  conftest.cpp
configure:15367: $? = 0
configure:15382: g++ -E  conftest.cpp
conftest.cpp:24:28: fatal error: ac_nonexistent.h: No such file or directory
 #include <ac_nonexistent.h>
                            ^
compilation terminated.
configure:15382: $? = 1
configure: failed program was:
| /* confdefs.h */
| #define PACKAGE_NAME "libssh2"
| #define PACKAGE_TARNAME "libssh2"
| #define PACKAGE_VERSION "-"
| #define PACKAGE_STRING "libssh2 -"
| #define PACKAGE_BUGREPORT "libssh2-devel@cool.haxx.se"
| #define PACKAGE_URL ""
| #define PACKAGE "libssh2"
| #define VERSION "-"
| #define HAVE_STDIO_H 1
| #define HAVE_STDLIB_H 1
| #define HAVE_STRING_H 1
| #define HAVE_INTTYPES_H 1
| #define HAVE_STDINT_H 1
| #define HAVE_STRINGS_H 1
| #define HAVE_SYS_STAT_H 1
| #define HAVE_SYS_TYPES_H 1
| #define HAVE_UNISTD_H 1
| #define STDC_HEADERS 1
| #define HAVE_LONGLONG 1
| #define HAVE_DLFCN_H 1
| #define LT_OBJDIR ".libs/"
| /* end confdefs.h.  */
| #include <ac_nonexistent.h>
configure:15547: checking for ld used by g++
configure:15615: result: /opt/pu300/host/usr/powerpc-buildroot-linux-uclibcspe/bin/ld
configure:15622: checking if the linker (/opt/pu300/host/usr/powerpc-buildroot-linux-uclibcspe/bin/ld) is GNU ld
configure:15638: result: yes
configure:15693: checking whether the g++ linker (/opt/pu300/host/usr/powerpc-buildroot-linux-uclibcspe/bin/ld) supports shared libraries
configure:16770: result: yes
configure:16806: g++ -c -g -O2  conftest.cpp >&5
configure:16809: $? = 0
configure:17290: checking for g++ option to produce PIC
configure:17298: result: -fPIC -DPIC
configure:17306: checking if g++ PIC flag -fPIC -DPIC works
configure:17325: g++ -c -g -O2  -fPIC -DPIC -DPIC conftest.cpp >&5
configure:17329: $? = 0
configure:17342: result: yes
configure:17365: checking if g++ static flag -static works
configure:17394: result: yes
configure:17406: checking if g++ supports -c -o file.o
configure:17428: g++ -c -g -O2  -o out/conftest2.o conftest.cpp >&5
configure:17432: $? = 0
configure:17454: result: yes
configure:17459: checking if g++ supports -c -o file.o
configure:17507: result: yes
configure:17537: checking whether the g++ linker (/opt/pu300/host/usr/powerpc-buildroot-linux-uclibcspe/bin/ld) supports shared libraries
configure:17580: result: yes
configure:17722: checking dynamic linker characteristics
configure:18482: result: GNU/Linux ld.so
configure:18547: checking how to hardcode library paths into programs
configure:18572: result: immediate
configure:18633: checking whether byte ordering is bigendian
configure:18649: /opt/pu300/host/usr/bin/powerpc-buildroot-linux-uclibcspe-gcc -std=gnu11 -c -g -O2  conftest.c >&5
conftest.c:25:9: error: unknown type name 'not'
         not a universal capable compiler
         ^
conftest.c:25:15: error: expected '=', ',', ';', 'asm' or '__attribute__' before 'universal'
         not a universal capable compiler
               ^
conftest.c:25:15: error: unknown type name 'universal'
configure:18649: $? = 1
configure: failed program was:
| /* confdefs.h */
| #define PACKAGE_NAME "libssh2"
| #define PACKAGE_TARNAME "libssh2"
| #define PACKAGE_VERSION "-"
| #define PACKAGE_STRING "libssh2 -"
| #define PACKAGE_BUGREPORT "libssh2-devel@cool.haxx.se"
| #define PACKAGE_URL ""
| #define PACKAGE "libssh2"
| #define VERSION "-"
| #define HAVE_STDIO_H 1
| #define HAVE_STDLIB_H 1
| #define HAVE_STRING_H 1
| #define HAVE_INTTYPES_H 1
| #define HAVE_STDINT_H 1
| #define HAVE_STRINGS_H 1
| #define HAVE_SYS_STAT_H 1
| #define HAVE_SYS_TYPES_H 1
| #define HAVE_UNISTD_H 1
| #define STDC_HEADERS 1
| #define HAVE_LONGLONG 1
| #define HAVE_DLFCN_H 1
| #define LT_OBJDIR ".libs/"
| /* end confdefs.h.  */
| #ifndef __APPLE_CC__
| 	       not a universal capable compiler
| 	     #endif
| 	     typedef int dummy;
| 
configure:18695: /opt/pu300/host/usr/bin/powerpc-buildroot-linux-uclibcspe-gcc -std=gnu11 -c -g -O2  conftest.c >&5
configure:18695: $? = 0
configure:18714: /opt/pu300/host/usr/bin/powerpc-buildroot-linux-uclibcspe-gcc -std=gnu11 -c -g -O2  conftest.c >&5
configure:18714: $? = 0
configure:18848: result: yes
configure:18875: checking for special C compiler options needed for large files
configure:18923: result: no
configure:18929: checking for _FILE_OFFSET_BITS value needed for large files
configure:18955: /opt/pu300/host/usr/bin/powerpc-buildroot-linux-uclibcspe-gcc -std=gnu11 -c -g -O2  conftest.c >&5
conftest.c:31:7: error: size of array 'off_t_is_large' is negative
   int off_t_is_large[(LARGE_OFF_T % 2147483629 == 721
       ^
configure:18955: $? = 1
configure: failed program was:
| /* confdefs.h */
| #define PACKAGE_NAME "libssh2"
| #define PACKAGE_TARNAME "libssh2"
| #define PACKAGE_VERSION "-"
| #define PACKAGE_STRING "libssh2 -"
| #define PACKAGE_BUGREPORT "libssh2-devel@cool.haxx.se"
| #define PACKAGE_URL ""
| #define PACKAGE "libssh2"
| #define VERSION "-"
| #define HAVE_STDIO_H 1
| #define HAVE_STDLIB_H 1
| #define HAVE_STRING_H 1
| #define HAVE_INTTYPES_H 1
| #define HAVE_STDINT_H 1
| #define HAVE_STRINGS_H 1
| #define HAVE_SYS_STAT_H 1
| #define HAVE_SYS_TYPES_H 1
| #define HAVE_UNISTD_H 1
| #define STDC_HEADERS 1
| #define HAVE_LONGLONG 1
| #define HAVE_DLFCN_H 1
| #define LT_OBJDIR ".libs/"
| #define WORDS_BIGENDIAN 1
| /* end confdefs.h.  */
| #include <sys/types.h>
|  /* Check that off_t can represent 2**63 - 1 correctly.
|     We can't simply define LARGE_OFF_T to be 9223372036854775807,
|     since some C++ compilers masquerading as C compilers
|     incorrectly reject 9223372036854775807.  */
| #define LARGE_OFF_T (((off_t) 1 << 31 << 31) - 1 + ((off_t) 1 << 31 << 31))
|   int off_t_is_large[(LARGE_OFF_T % 2147483629 == 721
| 		       && LARGE_OFF_T % 2147483647 == 1)
| 		      ? 1 : -1];
| int
| main (void)
| {
| 
|   ;
|   return 0;
| }
configure:18980: /opt/pu300/host/usr/bin/powerpc-buildroot-linux-uclibcspe-gcc -std=gnu11 -c -g -O2  conftest.c >&5
configure:18980: $? = 0
configure:18989: result: 64
configure:19138: checking for ld used by GCC
configure:19203: result: /opt/pu300/host/usr/powerpc-buildroot-linux-uclibcspe/bin/ld
configure:19210: checking if the linker (/opt/pu300/host/usr/powerpc-buildroot-linux-uclibcspe/bin/ld) is GNU ld
configure:19224: result: yes
configure:19232: checking for shared library run path origin
configure:19246: result: done
configure:19765: checking for libssl
configure:19785: /opt/pu300/host/usr/bin/powerpc-buildroot-linux-uclibcspe-gcc -std=gnu11 -o conftest -g -O2   conftest.c  -lssl -lcrypto >&5
configure:19785: $? = 0
configure:19796: result: yes
configure:19803: checking how to link with libssl
configure:19805: result: -lssl -lcrypto
configure:19834: checking for EVP_aes_128_ctr
configure:19834: /opt/pu300/host/usr/bin/powerpc-buildroot-linux-uclibcspe-gcc -std=gnu11 -o conftest -g -O2   conftest.c  -lssl -lcrypto >&5
configure:19834: $? = 0
configure:19834: result: yes
configure:20967: checking for /opt/pu300/host/usr/bin/powerpc-buildroot-linux-uclibcspe-gcc -std=gnu11 options needed to detect all undeclared functions
configure:20989: /opt/pu300/host/usr/bin/powerpc-buildroot-linux-uclibcspe-gcc -std=gnu11 -c -g -O2   conftest.c >&5
conftest.c: In function 'main':
conftest.c:33:8: error: 'strchr' undeclared (first use in this function)
 (void) strchr;
        ^
conftest.c:33:8: note: each undeclared identifier is reported only once for each function it appears in
configure:20989: $? = 1
configure: failed program was:
| /* confdefs.h */
| #define PACKAGE_NAME "libssh2"
| #define PACKAGE_TARNAME "libssh2"
| #define PACKAGE_VERSION "-"
| #define PACKAGE_STRING "libssh2 -"
| #define PACKAGE_BUGREPORT "libssh2-devel@cool.haxx.se"
| #define PACKAGE_URL ""
| #define PACKAGE "libssh2"
| #define VERSION "-"
| #define HAVE_STDIO_H 1
| #define HAVE_STDLIB_H 1
| #define HAVE_STRING_H 1
| #define HAVE_INTTYPES_H 1
| #define HAVE_STDINT_H 1
| #define HAVE_STRINGS_H 1
| #define HAVE_SYS_STAT_H 1
| #define HAVE_SYS_TYPES_H 1
| #define HAVE_UNISTD_H 1
| #define STDC_HEADERS 1
| #define HAVE_LONGLONG 1
| #define HAVE_DLFCN_H 1
| #define LT_OBJDIR ".libs/"
| #define WORDS_BIGENDIAN 1
| #define _FILE_OFFSET_BITS 64
| #define HAVE_LIBSSL 1
| #define LIBSSH2_OPENSSL 1
| #define HAVE_EVP_AES_128_CTR 1
| /* end confdefs.h.  */
| 
| int
| main (void)
| {
| (void) strchr;
|   ;
|   return 0;
| }
configure:21016: /opt/pu300/host/usr/bin/powerpc-buildroot-linux-uclibcspe-gcc -std=gnu11 -c -g -O2   conftest.c >&5
configure:21016: $? = 0
configure:21033: result: none needed
configure:22719: checking for libz
configure:22739: /opt/pu300/host/usr/bin/powerpc-buildroot-linux-uclibcspe-gcc -std=gnu11 -o conftest -g -O2   conftest.c  -lz >&5
configure:22739: $? = 0
configure:22750: result: yes
configure:22757: checking how to link with libz
configure:22759: result: -lz
configure:22846: WARNING: secure clearing/zeroing of memory is not supported by the selected crypto backend
configure:22861: checking whether to enable pedantic and debug compiler options
configure:22868: checking how to run the C preprocessor
configure:22894: /opt/pu300/host/usr/bin/powerpc-buildroot-linux-uclibcspe-gcc -std=gnu11 -E  conftest.c
configure:22894: $? = 0
configure:22909: /opt/pu300/host/usr/bin/powerpc-buildroot-linux-uclibcspe-gcc -std=gnu11 -E  conftest.c
conftest.c:32:28: fatal error: ac_nonexistent.h: No such file or directory
 #include <ac_nonexistent.h>
                            ^
compilation terminated.
configure:22909: $? = 1
configure: failed program was:
| /* confdefs.h */
| #define PACKAGE_NAME "libssh2"
| #define PACKAGE_TARNAME "libssh2"
| #define PACKAGE_VERSION "-"
| #define PACKAGE_STRING "libssh2 -"
| #define PACKAGE_BUGREPORT "libssh2-devel@cool.haxx.se"
| #define PACKAGE_URL ""
| #define PACKAGE "libssh2"
| #define VERSION "-"
| #define HAVE_STDIO_H 1
| #define HAVE_STDLIB_H 1
| #define HAVE_STRING_H 1
| #define HAVE_INTTYPES_H 1
| #define HAVE_STDINT_H 1
| #define HAVE_STRINGS_H 1
| #define HAVE_SYS_STAT_H 1
| #define HAVE_SYS_TYPES_H 1
| #define HAVE_UNISTD_H 1
| #define STDC_HEADERS 1
| #define HAVE_LONGLONG 1
| #define HAVE_DLFCN_H 1
| #define LT_OBJDIR ".libs/"
| #define WORDS_BIGENDIAN 1
| #define _FILE_OFFSET_BITS 64
| #define HAVE_LIBSSL 1
| #define LIBSSH2_OPENSSL 1
| #define HAVE_EVP_AES_128_CTR 1
| #define HAVE_LIBZ 1
| #define LIBSSH2_HAVE_ZLIB 1
| #define LIBSSH2_DH_GEX_NEW 1
| /* end confdefs.h.  */
| #include <ac_nonexistent.h>
configure:22936: result: /opt/pu300/host/usr/bin/powerpc-buildroot-linux-uclibcspe-gcc -std=gnu11 -E
configure:22950: /opt/pu300/host/usr/bin/powerpc-buildroot-linux-uclibcspe-gcc -std=gnu11 -E  conftest.c
configure:22950: $? = 0
configure:22965: /opt/pu300/host/usr/bin/powerpc-buildroot-linux-uclibcspe-gcc -std=gnu11 -E  conftest.c
conftest.c:32:28: fatal error: ac_nonexistent.h: No such file or directory
 #include <ac_nonexistent.h>
                            ^
compilation terminated.
configure:22965: $? = 1
configure: failed program was:
| /* confdefs.h */
| #define PACKAGE_NAME "libssh2"
| #define PACKAGE_TARNAME "libssh2"
| #define PACKAGE_VERSION "-"
| #define PACKAGE_STRING "libssh2 -"
| #define PACKAGE_BUGREPORT "libssh2-devel@cool.haxx.se"
| #define PACKAGE_URL ""
| #define PACKAGE "libssh2"
| #define VERSION "-"
| #define HAVE_STDIO_H 1
| #define HAVE_STDLIB_H 1
| #define HAVE_STRING_H 1
| #define HAVE_INTTYPES_H 1
| #define HAVE_STDINT_H 1
| #define HAVE_STRINGS_H 1
| #define HAVE_SYS_STAT_H 1
| #define HAVE_SYS_TYPES_H 1
| #define HAVE_UNISTD_H 1
| #define STDC_HEADERS 1
| #define HAVE_LONGLONG 1
| #define HAVE_DLFCN_H 1
| #define LT_OBJDIR ".libs/"
| #define WORDS_BIGENDIAN 1
| #define _FILE_OFFSET_BITS 64
| #define HAVE_LIBSSL 1
| #define LIBSSH2_OPENSSL 1
| #define HAVE_EVP_AES_128_CTR 1
| #define HAVE_LIBZ 1
| #define LIBSSH2_HAVE_ZLIB 1
| #define LIBSSH2_DH_GEX_NEW 1
| /* end confdefs.h.  */
| #include <ac_nonexistent.h>
configure:23130: result: no
configure:23136: checking whether to enable hidden symbols in the library
configure:23178: result: no
configure:23185: checking whether to build example applications
configure:23202: result: yes
configure:23255: checking for errno.h
configure:23255: /opt/pu300/host/usr/bin/powerpc-buildroot-linux-uclibcspe-gcc -std=gnu11 -c -g -O2  conftest.c >&5
configure:23255: $? = 0
configure:23255: result: yes
configure:23261: checking for fcntl.h
configure:23261: /opt/pu300/host/usr/bin/powerpc-buildroot-linux-uclibcspe-gcc -std=gnu11 -c -g -O2  conftest.c >&5
configure:23261: $? = 0
configure:23261: result: yes
configure:23267: checking for stdio.h
configure:23267: result: yes
configure:23273: checking for stdlib.h
configure:23273: result: yes
configure:23279: checking for unistd.h
configure:23279: result: yes
configure:23285: checking for sys/uio.h
configure:23285: /opt/pu300/host/usr/bin/powerpc-buildroot-linux-uclibcspe-gcc -std=gnu11 -c -g -O2  conftest.c >&5
configure:23285: $? = 0
configure:23285: result: yes
configure:23292: checking for sys/select.h
configure:23292: /opt/pu300/host/usr/bin/powerpc-buildroot-linux-uclibcspe-gcc -std=gnu11 -c -g -O2  conftest.c >&5
configure:23292: $? = 0
configure:23292: result: yes
configure:23298: checking for sys/socket.h
configure:23298: /opt/pu300/host/usr/bin/powerpc-buildroot-linux-uclibcspe-gcc -std=gnu11 -c -g -O2  conftest.c >&5
configure:23298: $? = 0
configure:23298: result: yes
configure:23304: checking for sys/ioctl.h
configure:23304: /opt/pu300/host/usr/bin/powerpc-buildroot-linux-uclibcspe-gcc -std=gnu11 -c -g -O2  conftest.c >&5
configure:23304: $? = 0
configure:23304: result: yes
configure:23310: checking for sys/time.h
configure:23310: /opt/pu300/host/usr/bin/powerpc-buildroot-linux-uclibcspe-gcc -std=gnu11 -c -g -O2  conftest.c >&5
configure:23310: $? = 0
configure:23310: result: yes
configure:23317: checking for arpa/inet.h
configure:23317: /opt/pu300/host/usr/bin/powerpc-buildroot-linux-uclibcspe-gcc -std=gnu11 -c -g -O2  conftest.c >&5
configure:23317: $? = 0
configure:23317: result: yes
configure:23323: checking for netinet/in.h
configure:23323: /opt/pu300/host/usr/bin/powerpc-buildroot-linux-uclibcspe-gcc -std=gnu11 -c -g -O2  conftest.c >&5
configure:23323: $? = 0
configure:23323: result: yes
configure:23332: checking for sys/un.h
configure:23332: /opt/pu300/host/usr/bin/powerpc-buildroot-linux-uclibcspe-gcc -std=gnu11 -c -g -O2  conftest.c >&5
configure:23332: $? = 0
configure:23332: result: yes
configure:23356: checking for windows.h
configure:23356: /opt/pu300/host/usr/bin/powerpc-buildroot-linux-uclibcspe-gcc -std=gnu11 -c -g -O2  conftest.c >&5
conftest.c:73:21: fatal error: windows.h: No such file or directory
 #include <windows.h>
                     ^
compilation terminated.
configure:23356: $? = 1
configure: failed program was:
| /* confdefs.h */
| #define PACKAGE_NAME "libssh2"
| #define PACKAGE_TARNAME "libssh2"
| #define PACKAGE_VERSION "-"
| #define PACKAGE_STRING "libssh2 -"
| #define PACKAGE_BUGREPORT "libssh2-devel@cool.haxx.se"
| #define PACKAGE_URL ""
| #define PACKAGE "libssh2"
| #define VERSION "-"
| #define HAVE_STDIO_H 1
| #define HAVE_STDLIB_H 1
| #define HAVE_STRING_H 1
| #define HAVE_INTTYPES_H 1
| #define HAVE_STDINT_H 1
| #define HAVE_STRINGS_H 1
| #define HAVE_SYS_STAT_H 1
| #define HAVE_SYS_TYPES_H 1
| #define HAVE_UNISTD_H 1
| #define STDC_HEADERS 1
| #define HAVE_LONGLONG 1
| #define HAVE_DLFCN_H 1
| #define LT_OBJDIR ".libs/"
| #define WORDS_BIGENDIAN 1
| #define _FILE_OFFSET_BITS 64
| #define HAVE_LIBSSL 1
| #define LIBSSH2_OPENSSL 1
| #define HAVE_EVP_AES_128_CTR 1
| #define HAVE_LIBZ 1
| #define LIBSSH2_HAVE_ZLIB 1
| #define LIBSSH2_DH_GEX_NEW 1
| #define HAVE_ERRNO_H 1
| #define HAVE_FCNTL_H 1
| #define HAVE_STDIO_H 1
| #define HAVE_STDLIB_H 1
| #define HAVE_UNISTD_H 1
| #define HAVE_SYS_UIO_H 1
| #define HAVE_SYS_SELECT_H 1
| #define HAVE_SYS_SOCKET_H 1
| #define HAVE_SYS_IOCTL_H 1
| #define HAVE_SYS_TIME_H 1
| #define HAVE_ARPA_INET_H 1
| #define HAVE_NETINET_IN_H 1
| #define HAVE_SYS_UN_H 1
| /* end confdefs.h.  */
| #include <stddef.h>
| #ifdef HAVE_STDIO_H
| # include <stdio.h>
| #endif
| #ifdef HAVE_STDLIB_H
| # include <stdlib.h>
| #endif
| #ifdef HAVE_STRING_H
| # include <string.h>
| #endif
| #ifdef HAVE_INTTYPES_H
| # include <inttypes.h>
| #endif
| #ifdef HAVE_STDINT_H
| # include <stdint.h>
| #endif
| #ifdef HAVE_STRINGS_H
| # include <strings.h>
| #endif
| #ifdef HAVE_SYS_TYPES_H
| # include <sys/types.h>
| #endif
| #ifdef HAVE_SYS_STAT_H
| # include <sys/stat.h>
| #endif
| #ifdef HAVE_UNISTD_H
| # include <unistd.h>
| #endif
| #include <windows.h>
configure:23356: result: no
configure:23362: checking for winsock2.h
configure:23362: /opt/pu300/host/usr/bin/powerpc-buildroot-linux-uclibcspe-gcc -std=gnu11 -c -g -O2  conftest.c >&5
conftest.c:73:22: fatal error: winsock2.h: No such file or directory
 #include <winsock2.h>
                      ^
compilation terminated.
configure:23362: $? = 1
configure: failed program was:
| /* confdefs.h */
| #define PACKAGE_NAME "libssh2"
| #define PACKAGE_TARNAME "libssh2"
| #define PACKAGE_VERSION "-"
| #define PACKAGE_STRING "libssh2 -"
| #define PACKAGE_BUGREPORT "libssh2-devel@cool.haxx.se"
| #define PACKAGE_URL ""
| #define PACKAGE "libssh2"
| #define VERSION "-"
| #define HAVE_STDIO_H 1
| #define HAVE_STDLIB_H 1
| #define HAVE_STRING_H 1
| #define HAVE_INTTYPES_H 1
| #define HAVE_STDINT_H 1
| #define HAVE_STRINGS_H 1
| #define HAVE_SYS_STAT_H 1
| #define HAVE_SYS_TYPES_H 1
| #define HAVE_UNISTD_H 1
| #define STDC_HEADERS 1
| #define HAVE_LONGLONG 1
| #define HAVE_DLFCN_H 1
| #define LT_OBJDIR ".libs/"
| #define WORDS_BIGENDIAN 1
| #define _FILE_OFFSET_BITS 64
| #define HAVE_LIBSSL 1
| #define LIBSSH2_OPENSSL 1
| #define HAVE_EVP_AES_128_CTR 1
| #define HAVE_LIBZ 1
| #define LIBSSH2_HAVE_ZLIB 1
| #define LIBSSH2_DH_GEX_NEW 1
| #define HAVE_ERRNO_H 1
| #define HAVE_FCNTL_H 1
| #define HAVE_STDIO_H 1
| #define HAVE_STDLIB_H 1
| #define HAVE_UNISTD_H 1
| #define HAVE_SYS_UIO_H 1
| #define HAVE_SYS_SELECT_H 1
| #define HAVE_SYS_SOCKET_H 1
| #define HAVE_SYS_IOCTL_H 1
| #define HAVE_SYS_TIME_H 1
| #define HAVE_ARPA_INET_H 1
| #define HAVE_NETINET_IN_H 1
| #define HAVE_SYS_UN_H 1
| /* end confdefs.h.  */
| #include <stddef.h>
| #ifdef HAVE_STDIO_H
| # include <stdio.h>
| #endif
| #ifdef HAVE_STDLIB_H
| # include <stdlib.h>
| #endif
| #ifdef HAVE_STRING_H
| # include <string.h>
| #endif
| #ifdef HAVE_INTTYPES_H
| # include <inttypes.h>
| #endif
| #ifdef HAVE_STDINT_H
| # include <stdint.h>
| #endif
| #ifdef HAVE_STRINGS_H
| # include <strings.h>
| #endif
| #ifdef HAVE_SYS_TYPES_H
| # include <sys/types.h>
| #endif
| #ifdef HAVE_SYS_STAT_H
| # include <sys/stat.h>
| #endif
| #ifdef HAVE_UNISTD_H
| # include <unistd.h>
| #endif
| #include <winsock2.h>
configure:23362: result: no
configure:23368: checking for ws2tcpip.h
configure:23368: /opt/pu300/host/usr/bin/powerpc-buildroot-linux-uclibcspe-gcc -std=gnu11 -c -g -O2  conftest.c >&5
conftest.c:73:22: fatal error: ws2tcpip.h: No such file or directory
 #include <ws2tcpip.h>
                      ^
compilation terminated.
configure:23368: $? = 1
configure: failed program was:
| /* confdefs.h */
| #define PACKAGE_NAME "libssh2"
| #define PACKAGE_TARNAME "libssh2"
| #define PACKAGE_VERSION "-"
| #define PACKAGE_STRING "libssh2 -"
| #define PACKAGE_BUGREPORT "libssh2-devel@cool.haxx.se"
| #define PACKAGE_URL ""
| #define PACKAGE "libssh2"
| #define VERSION "-"
| #define HAVE_STDIO_H 1
| #define HAVE_STDLIB_H 1
| #define HAVE_STRING_H 1
| #define HAVE_INTTYPES_H 1
| #define HAVE_STDINT_H 1
| #define HAVE_STRINGS_H 1
| #define HAVE_SYS_STAT_H 1
| #define HAVE_SYS_TYPES_H 1
| #define HAVE_UNISTD_H 1
| #define STDC_HEADERS 1
| #define HAVE_LONGLONG 1
| #define HAVE_DLFCN_H 1
| #define LT_OBJDIR ".libs/"
| #define WORDS_BIGENDIAN 1
| #define _FILE_OFFSET_BITS 64
| #define HAVE_LIBSSL 1
| #define LIBSSH2_OPENSSL 1
| #define HAVE_EVP_AES_128_CTR 1
| #define HAVE_LIBZ 1
| #define LIBSSH2_HAVE_ZLIB 1
| #define LIBSSH2_DH_GEX_NEW 1
| #define HAVE_ERRNO_H 1
| #define HAVE_FCNTL_H 1
| #define HAVE_STDIO_H 1
| #define HAVE_STDLIB_H 1
| #define HAVE_UNISTD_H 1
| #define HAVE_SYS_UIO_H 1
| #define HAVE_SYS_SELECT_H 1
| #define HAVE_SYS_SOCKET_H 1
| #define HAVE_SYS_IOCTL_H 1
| #define HAVE_SYS_TIME_H 1
| #define HAVE_ARPA_INET_H 1
| #define HAVE_NETINET_IN_H 1
| #define HAVE_SYS_UN_H 1
| /* end confdefs.h.  */
| #include <stddef.h>
| #ifdef HAVE_STDIO_H
| # include <stdio.h>
| #endif
| #ifdef HAVE_STDLIB_H
| # include <stdlib.h>
| #endif
| #ifdef HAVE_STRING_H
| # include <string.h>
| #endif
| #ifdef HAVE_INTTYPES_H
| # include <inttypes.h>
| #endif
| #ifdef HAVE_STDINT_H
| # include <stdint.h>
| #endif
| #ifdef HAVE_STRINGS_H
| # include <strings.h>
| #endif
| #ifdef HAVE_SYS_TYPES_H
| # include <sys/types.h>
| #endif
| #ifdef HAVE_SYS_STAT_H
| # include <sys/stat.h>
| #endif
| #ifdef HAVE_UNISTD_H
| # include <unistd.h>
| #endif
| #include <ws2tcpip.h>
configure:23368: result: no
configure:23384: checking for poll
configure:23384: /opt/pu300/host/usr/bin/powerpc-buildroot-linux-uclibcspe-gcc -std=gnu11 -o conftest -g -O2   conftest.c  >&5
configure:23384: $? = 0
configure:23384: result: yes
configure:23394: checking for gettimeofday
configure:23394: /opt/pu300/host/usr/bin/powerpc-buildroot-linux-uclibcspe-gcc -std=gnu11 -o conftest -g -O2   conftest.c  >&5
configure:23394: $? = 0
configure:23394: result: yes
configure:23400: checking for select
configure:23400: /opt/pu300/host/usr/bin/powerpc-buildroot-linux-uclibcspe-gcc -std=gnu11 -o conftest -g -O2   conftest.c  >&5
configure:23400: $? = 0
configure:23400: result: yes
configure:23406: checking for strtoll
configure:23406: /opt/pu300/host/usr/bin/powerpc-buildroot-linux-uclibcspe-gcc -std=gnu11 -o conftest -g -O2   conftest.c  >&5
configure:23406: $? = 0
configure:23406: result: yes
configure:23412: checking for memset_s
configure:23412: /opt/pu300/host/usr/bin/powerpc-buildroot-linux-uclibcspe-gcc -std=gnu11 -o conftest -g -O2   conftest.c  >&5
/tmp/ccwv6AoR.o: In function `main':
/mnt/hgfs/hhe//23.5//SFTP/libssh2/conftest.c:76: undefined reference to `memset_s'
collect2: error: ld returned 1 exit status
configure:23412: $? = 1
configure: failed program was:
| /* confdefs.h */
| #define PACKAGE_NAME "libssh2"
| #define PACKAGE_TARNAME "libssh2"
| #define PACKAGE_VERSION "-"
| #define PACKAGE_STRING "libssh2 -"
| #define PACKAGE_BUGREPORT "libssh2-devel@cool.haxx.se"
| #define PACKAGE_URL ""
| #define PACKAGE "libssh2"
| #define VERSION "-"
| #define HAVE_STDIO_H 1
| #define HAVE_STDLIB_H 1
| #define HAVE_STRING_H 1
| #define HAVE_INTTYPES_H 1
| #define HAVE_STDINT_H 1
| #define HAVE_STRINGS_H 1
| #define HAVE_SYS_STAT_H 1
| #define HAVE_SYS_TYPES_H 1
| #define HAVE_UNISTD_H 1
| #define STDC_HEADERS 1
| #define HAVE_LONGLONG 1
| #define HAVE_DLFCN_H 1
| #define LT_OBJDIR ".libs/"
| #define WORDS_BIGENDIAN 1
| #define _FILE_OFFSET_BITS 64
| #define HAVE_LIBSSL 1
| #define LIBSSH2_OPENSSL 1
| #define HAVE_EVP_AES_128_CTR 1
| #define HAVE_LIBZ 1
| #define LIBSSH2_HAVE_ZLIB 1
| #define LIBSSH2_DH_GEX_NEW 1
| #define HAVE_ERRNO_H 1
| #define HAVE_FCNTL_H 1
| #define HAVE_STDIO_H 1
| #define HAVE_STDLIB_H 1
| #define HAVE_UNISTD_H 1
| #define HAVE_SYS_UIO_H 1
| #define HAVE_SYS_SELECT_H 1
| #define HAVE_SYS_SOCKET_H 1
| #define HAVE_SYS_IOCTL_H 1
| #define HAVE_SYS_TIME_H 1
| #define HAVE_ARPA_INET_H 1
| #define HAVE_NETINET_IN_H 1
| #define HAVE_SYS_UN_H 1
| #define HAVE_POLL 1
| #define HAVE_GETTIMEOFDAY 1
| #define HAVE_SELECT 1
| #define HAVE_STRTOLL 1
| /* end confdefs.h.  */
| /* Define memset_s to an innocuous variant, in case <limits.h> declares memset_s.
|    For example, HP-UX 11i <limits.h> declares gettimeofday.  */
| #define memset_s innocuous_memset_s
| 
| /* System header to define __stub macros and hopefully few prototypes,
|    which can conflict with char memset_s (); below.  */
| 
| #include <limits.h>
| #undef memset_s
| 
| /* Override any GCC internal prototype to avoid an error.
|    Use char because int might match the return type of a GCC
|    builtin and then its argument prototype would still apply.  */
| #ifdef __cplusplus
| extern "C"
| #endif
| char memset_s ();
| /* The GNU C library defines this for functions which it implements
|     to always fail with ENOSYS.  Some functions are actually named
|     something starting with __ and the normal name is an alias.  */
| #if defined __stub_memset_s || defined __stub___memset_s
| choke me
| #endif
| 
| int
| main (void)
| {
| return memset_s ();
|   ;
|   return 0;
| }
configure:23412: result: no
configure:23463: checking for size_t
configure:23463: /opt/pu300/host/usr/bin/powerpc-buildroot-linux-uclibcspe-gcc -std=gnu11 -c -g -O2  conftest.c >&5
configure:23463: $? = 0
configure:23463: /opt/pu300/host/usr/bin/powerpc-buildroot-linux-uclibcspe-gcc -std=gnu11 -c -g -O2  conftest.c >&5
conftest.c: In function 'main':
conftest.c:80:21: error: expected expression before ')' token
 if (sizeof ((size_t)))
                     ^
configure:23463: $? = 1
configure: failed program was:
| /* confdefs.h */
| #define PACKAGE_NAME "libssh2"
| #define PACKAGE_TARNAME "libssh2"
| #define PACKAGE_VERSION "-"
| #define PACKAGE_STRING "libssh2 -"
| #define PACKAGE_BUGREPORT "libssh2-devel@cool.haxx.se"
| #define PACKAGE_URL ""
| #define PACKAGE "libssh2"
| #define VERSION "-"
| #define HAVE_STDIO_H 1
| #define HAVE_STDLIB_H 1
| #define HAVE_STRING_H 1
| #define HAVE_INTTYPES_H 1
| #define HAVE_STDINT_H 1
| #define HAVE_STRINGS_H 1
| #define HAVE_SYS_STAT_H 1
| #define HAVE_SYS_TYPES_H 1
| #define HAVE_UNISTD_H 1
| #define STDC_HEADERS 1
| #define HAVE_LONGLONG 1
| #define HAVE_DLFCN_H 1
| #define LT_OBJDIR ".libs/"
| #define WORDS_BIGENDIAN 1
| #define _FILE_OFFSET_BITS 64
| #define HAVE_LIBSSL 1
| #define LIBSSH2_OPENSSL 1
| #define HAVE_EVP_AES_128_CTR 1
| #define HAVE_LIBZ 1
| #define LIBSSH2_HAVE_ZLIB 1
| #define LIBSSH2_DH_GEX_NEW 1
| #define HAVE_ERRNO_H 1
| #define HAVE_FCNTL_H 1
| #define HAVE_STDIO_H 1
| #define HAVE_STDLIB_H 1
| #define HAVE_UNISTD_H 1
| #define HAVE_SYS_UIO_H 1
| #define HAVE_SYS_SELECT_H 1
| #define HAVE_SYS_SOCKET_H 1
| #define HAVE_SYS_IOCTL_H 1
| #define HAVE_SYS_TIME_H 1
| #define HAVE_ARPA_INET_H 1
| #define HAVE_NETINET_IN_H 1
| #define HAVE_SYS_UN_H 1
| #define HAVE_POLL 1
| #define HAVE_GETTIMEOFDAY 1
| #define HAVE_SELECT 1
| #define HAVE_STRTOLL 1
| /* end confdefs.h.  */
| #include <stddef.h>
| #ifdef HAVE_STDIO_H
| # include <stdio.h>
| #endif
| #ifdef HAVE_STDLIB_H
| # include <stdlib.h>
| #endif
| #ifdef HAVE_STRING_H
| # include <string.h>
| #endif
| #ifdef HAVE_INTTYPES_H
| # include <inttypes.h>
| #endif
| #ifdef HAVE_STDINT_H
| # include <stdint.h>
| #endif
| #ifdef HAVE_STRINGS_H
| # include <strings.h>
| #endif
| #ifdef HAVE_SYS_TYPES_H
| # include <sys/types.h>
| #endif
| #ifdef HAVE_SYS_STAT_H
| # include <sys/stat.h>
| #endif
| #ifdef HAVE_UNISTD_H
| # include <unistd.h>
| #endif
| int
| main (void)
| {
| if (sizeof ((size_t)))
| 	    return 0;
|   ;
|   return 0;
| }
configure:23463: result: yes
configure:23475: checking for working alloca.h
configure:23493: /opt/pu300/host/usr/bin/powerpc-buildroot-linux-uclibcspe-gcc -std=gnu11 -o conftest -g -O2   conftest.c  >&5
configure:23493: $? = 0
configure:23502: result: yes
configure:23510: checking for alloca
configure:23555: result: yes
configure:23624: checking for an ANSI C-conforming const
configure:23691: /opt/pu300/host/usr/bin/powerpc-buildroot-linux-uclibcspe-gcc -std=gnu11 -c -g -O2  conftest.c >&5
configure:23691: $? = 0
configure:23699: result: yes
configure:23707: checking for inline
configure:23724: /opt/pu300/host/usr/bin/powerpc-buildroot-linux-uclibcspe-gcc -std=gnu11 -c -g -O2  conftest.c >&5
configure:23724: $? = 0
configure:23733: result: inline
configure:23753: checking non-blocking sockets style
configure:23791: /opt/pu300/host/usr/bin/powerpc-buildroot-linux-uclibcspe-gcc -std=gnu11 -c -g -O2  conftest.c >&5
configure:23791: $? = 0
configure:23957: result: O_NONBLOCK
configure:23986: checking whether to enable compiler warnings as errors
configure:24006: result: no
configure:24129: checking that generated files are newer than configure
configure:24135: result: done
configure:24207: creating ./config.status

## ---------------------- ##
## Running config.status. ##
## ---------------------- ##

This file was extended by libssh2 config.status -, which was
generated by GNU Autoconf 2.71.  Invocation command line was

  CONFIG_FILES    = 
  CONFIG_HEADERS  = 
  CONFIG_LINKS    = 
  CONFIG_COMMANDS = 
  $ ./config.status 

on ubuntu

config.status:1232: creating Makefile
config.status:1232: creating src/Makefile
config.status:1232: creating tests/Makefile
config.status:1232: creating tests/ossfuzz/Makefile
config.status:1232: creating example/Makefile
config.status:1232: creating docs/Makefile
config.status:1232: creating libssh2.pc
config.status:1232: creating src/libssh2_config.h
config.status:1413: src/libssh2_config.h is unchanged
config.status:1461: executing depfiles commands
config.status:1538: cd src       && sed -e '/# am--include-marker/d' Makefile         | make -f - am--depfiles
make: Nothing to be done for 'am--depfiles'.
config.status:1543: $? = 0
config.status:1538: cd tests       && sed -e '/# am--include-marker/d' Makefile         | make -f - am--depfiles
make: Nothing to be done for 'am--depfiles'.
config.status:1543: $? = 0
config.status:1538: cd tests/ossfuzz       && sed -e '/# am--include-marker/d' Makefile         | make -f - am--depfiles
make: Nothing to be done for 'am--depfiles'.
config.status:1543: $? = 0
config.status:1538: cd example       && sed -e '/# am--include-marker/d' Makefile         | make -f - am--depfiles
make: Nothing to be done for 'am--depfiles'.
config.status:1543: $? = 0
config.status:1461: executing libtool commands
configure:26625: summary of build options:

  version:          1.10.0
  Host type:        powerpc-unknown-linux-gnu
  Install prefix:   /Output
  Compiler:         /opt/pu300/host/usr/bin/powerpc-buildroot-linux-uclibcspe-gcc -std=gnu11
  Compiler flags:   -g -O2
  Library types:    Shared=yes, Static=yes
  Crypto library:   OpenSSL (AES-CTR: yes)
  Clear memory:     unsupported
  Debug build:      no
  Build examples:   yes
  Path to sshd:      (only for self-tests)
  zlib compression: yes


## ---------------- ##
## Cache variables. ##
## ---------------- ##

ac_cv_build=i686-pc-linux-uclibc
ac_cv_c_bigendian=yes
ac_cv_c_compiler_gnu=yes
ac_cv_c_const=yes
ac_cv_c_inline=inline
ac_cv_c_undeclared_builtin_options='none needed'
ac_cv_cxx_compiler_gnu=yes
ac_cv_env_CCC_set=
ac_cv_env_CCC_value=
ac_cv_env_CC_set=set
ac_cv_env_CC_value=/opt/pu300/host/usr/bin/powerpc-buildroot-linux-uclibcspe-gcc
ac_cv_env_CFLAGS_set=
ac_cv_env_CFLAGS_value=
ac_cv_env_CPPFLAGS_set=
ac_cv_env_CPPFLAGS_value=
ac_cv_env_CPP_set=
ac_cv_env_CPP_value=
ac_cv_env_CXXCPP_set=
ac_cv_env_CXXCPP_value=
ac_cv_env_CXXFLAGS_set=
ac_cv_env_CXXFLAGS_value=
ac_cv_env_CXX_set=
ac_cv_env_CXX_value=
ac_cv_env_LDFLAGS_set=
ac_cv_env_LDFLAGS_value=
ac_cv_env_LIBS_set=
ac_cv_env_LIBS_value=
ac_cv_env_LT_SYS_LIBRARY_PATH_set=
ac_cv_env_LT_SYS_LIBRARY_PATH_value=
ac_cv_env_build_alias_set=
ac_cv_env_build_alias_value=
ac_cv_env_host_alias_set=set
ac_cv_env_host_alias_value=powerpc-linux
ac_cv_env_target_alias_set=
ac_cv_env_target_alias_value=
ac_cv_func_EVP_aes_128_ctr=yes
ac_cv_func_alloca_works=yes
ac_cv_func_gettimeofday=yes
ac_cv_func_memset_s=no
ac_cv_func_poll=yes
ac_cv_func_select=yes
ac_cv_func_strtoll=yes
ac_cv_header_arpa_inet_h=yes
ac_cv_header_dlfcn_h=yes
ac_cv_header_errno_h=yes
ac_cv_header_fcntl_h=yes
ac_cv_header_inttypes_h=yes
ac_cv_header_netinet_in_h=yes
ac_cv_header_stdint_h=yes
ac_cv_header_stdio_h=yes
ac_cv_header_stdlib_h=yes
ac_cv_header_string_h=yes
ac_cv_header_strings_h=yes
ac_cv_header_sys_ioctl_h=yes
ac_cv_header_sys_select_h=yes
ac_cv_header_sys_socket_h=yes
ac_cv_header_sys_stat_h=yes
ac_cv_header_sys_time_h=yes
ac_cv_header_sys_types_h=yes
ac_cv_header_sys_uio_h=yes
ac_cv_header_sys_un_h=yes
ac_cv_header_unistd_h=yes
ac_cv_header_windows_h=no
ac_cv_header_winsock2_h=no
ac_cv_header_ws2tcpip_h=no
ac_cv_host=powerpc-unknown-linux-gnu
ac_cv_libssl=yes
ac_cv_libz=yes
ac_cv_objext=o
ac_cv_path_EGREP='/bin/grep -E'
ac_cv_path_FGREP='/bin/grep -F'
ac_cv_path_GREP=/bin/grep
ac_cv_path_SED=/bin/sed
ac_cv_path_install='/usr/bin/install -c'
ac_cv_path_lt_DD=/bin/dd
ac_cv_path_mkdir=/bin/mkdir
ac_cv_prog_AWK=mawk
ac_cv_prog_CC=/opt/pu300/host/usr/bin/powerpc-buildroot-linux-uclibcspe-gcc
ac_cv_prog_CPP='/opt/pu300/host/usr/bin/powerpc-buildroot-linux-uclibcspe-gcc -std=gnu11 -E'
ac_cv_prog_CXXCPP='g++ -E'
ac_cv_prog_DLLTOOL=dlltool
ac_cv_prog_OBJDUMP=objdump
ac_cv_prog_STRIP=strip
ac_cv_prog_ac_ct_AR=ar
ac_cv_prog_ac_ct_CXX=g++
ac_cv_prog_ac_ct_DUMPBIN='link -dump'
ac_cv_prog_ac_ct_MANIFEST_TOOL=mt
ac_cv_prog_ac_ct_RANLIB=ranlib
ac_cv_prog_ac_ct_STRIP=strip
ac_cv_prog_cc_c11=-std=gnu11
ac_cv_prog_cc_g=yes
ac_cv_prog_cc_stdc=-std=gnu11
ac_cv_prog_cxx_11=no
ac_cv_prog_cxx_g=yes
ac_cv_prog_cxx_stdcxx=
ac_cv_prog_make_make_set=yes
ac_cv_search_inet_addr='none required'
ac_cv_search_socket='none required'
ac_cv_sys_file_offset_bits=64
ac_cv_sys_largefile_CC=no
ac_cv_type_long_long=yes
ac_cv_type_size_t=yes
ac_cv_working_alloca_h=yes
acl_cv_hardcode_direct=no
acl_cv_hardcode_libdir_flag_spec='${wl}-rpath ${wl}$libdir'
acl_cv_hardcode_libdir_separator=
acl_cv_hardcode_minus_L=no
acl_cv_libext=a
acl_cv_libname_spec='lib$name'
acl_cv_library_names_spec='$libname$shrext'
acl_cv_path_LD=/opt/pu300/host/usr/powerpc-buildroot-linux-uclibcspe/bin/ld
acl_cv_prog_gnu_ld=yes
acl_cv_rpath=done
acl_cv_shlibext=so
acl_cv_wl=-Wl,
am_cv_CC_dependencies_compiler_type=gcc3
am_cv_CXX_dependencies_compiler_type=gcc3
am_cv_make_support_nested_variables=yes
am_cv_prog_cc_c_o=yes
lt_cv_ar_at_file=@
lt_cv_archive_cmds_need_lc=no
lt_cv_deplibs_check_method=pass_all
lt_cv_file_magic_cmd='$MAGIC_CMD'
lt_cv_file_magic_test_file=
lt_cv_ld_reload_flag=-r
lt_cv_nm_interface='BSD nm'
lt_cv_objdir=.libs
lt_cv_path_LD=/opt/pu300/host/usr/powerpc-buildroot-linux-uclibcspe/bin/ld
lt_cv_path_LDCXX=/opt/pu300/host/usr/powerpc-buildroot-linux-uclibcspe/bin/ld
lt_cv_path_NM=no
lt_cv_path_mainfest_tool=no
lt_cv_prog_compiler_c_o=yes
lt_cv_prog_compiler_c_o_CXX=yes
lt_cv_prog_compiler_pic='-fPIC -DPIC'
lt_cv_prog_compiler_pic_CXX='-fPIC -DPIC'
lt_cv_prog_compiler_pic_works=yes
lt_cv_prog_compiler_pic_works_CXX=yes
lt_cv_prog_compiler_rtti_exceptions=no
lt_cv_prog_compiler_static_works=yes
lt_cv_prog_compiler_static_works_CXX=yes
lt_cv_prog_gnu_ld=yes
lt_cv_prog_gnu_ldcxx=yes
lt_cv_sharedlib_from_linklib_cmd='printf %s\n'
lt_cv_shlibpath_overrides_runpath=no
lt_cv_sys_global_symbol_pipe='sed -n -e '\''s/^.*[	 ]\([ABCDGIRSTW][ABCDGIRSTW]*\)[	 ][	 ]*\([_A-Za-z][_A-Za-z0-9]*\)$/\1 \2 \2/p'\'' | sed '\''/ __gnu_lto/d'\'''
lt_cv_sys_global_symbol_to_c_name_address='sed -n -e '\''s/^: \(.*\) .*$/  {"\1", (void *) 0},/p'\'' -e '\''s/^[ABCDGIRSTW][ABCDGIRSTW]* .* \(.*\)$/  {"\1", (void *) \&\1},/p'\'''
lt_cv_sys_global_symbol_to_c_name_address_lib_prefix='sed -n -e '\''s/^: \(.*\) .*$/  {"\1", (void *) 0},/p'\'' -e '\''s/^[ABCDGIRSTW][ABCDGIRSTW]* .* \(lib.*\)$/  {"\1", (void *) \&\1},/p'\'' -e '\''s/^[ABCDGIRSTW][ABCDGIRSTW]* .* \(.*\)$/  {"lib\1", (void *) \&\1},/p'\'''
lt_cv_sys_global_symbol_to_cdecl='sed -n -e '\''s/^T .* \(.*\)$/extern int \1();/p'\'' -e '\''s/^[ABCDGIRSTW][ABCDGIRSTW]* .* \(.*\)$/extern char \1;/p'\'''
lt_cv_sys_global_symbol_to_import=
lt_cv_sys_max_cmd_len=1572864
lt_cv_to_host_file_cmd=func_convert_file_noop
lt_cv_to_tool_file_cmd=func_convert_file_noop
lt_cv_truncate_bin='/bin/dd bs=4096 count=1'

## ----------------- ##
## Output variables. ##
## ----------------- ##

ACLOCAL='${SHELL} '\''/mnt/hgfs/hhe//23.5//SFTP/libssh2/missing'\'' aclocal-1.16'
ALLOCA=''
AMDEPBACKSLASH='\'
AMDEP_FALSE='#'
AMDEP_TRUE=''
AMTAR='$${TAR-tar}'
AM_BACKSLASH='\'
AM_DEFAULT_V='$(AM_DEFAULT_VERBOSITY)'
AM_DEFAULT_VERBOSITY='0'
AM_V='$(V)'
AR='ar'
AS='as'
AUTOCONF='${SHELL} '\''/mnt/hgfs/hhe//23.5//SFTP/libssh2/missing'\'' autoconf'
AUTOHEADER='${SHELL} '\''/mnt/hgfs/hhe//23.5//SFTP/libssh2/missing'\'' autoheader'
AUTOMAKE='${SHELL} '\''/mnt/hgfs/hhe//23.5//SFTP/libssh2/missing'\'' automake-1.16'
AWK='mawk'
BUILD_EXAMPLES_FALSE='#'
BUILD_EXAMPLES_TRUE=''
CC='/opt/pu300/host/usr/bin/powerpc-buildroot-linux-uclibcspe-gcc -std=gnu11'
CCDEPMODE='depmode=gcc3'
CFLAGS='-g -O2'
CPP='/opt/pu300/host/usr/bin/powerpc-buildroot-linux-uclibcspe-gcc -std=gnu11 -E'
CPPFLAGS=''
CSCOPE='cscope'
CTAGS='ctags'
CXX='g++'
CXXCPP='g++ -E'
CXXDEPMODE='depmode=gcc3'
CXXFLAGS='-g -O2'
CYGPATH_W='echo'
DEFS='-DHAVE_CONFIG_H'
DEPDIR='.deps'
DLLTOOL='dlltool'
DSYMUTIL=''
DUMPBIN=':'
ECHO_C=''
ECHO_N='-n'
ECHO_T=''
EGREP='/bin/grep -E'
ETAGS='etags'
EXEEXT=''
FGREP='/bin/grep -F'
GREP='/bin/grep'
HAVE_LIBBCRYPT=''
HAVE_LIBCRYPT32=''
HAVE_LIBGCRYPT=''
HAVE_LIBMBEDCRYPTO=''
HAVE_LIBSSL='yes'
HAVE_LIBZ='yes'
HAVE_SYS_UN_H_FALSE='#'
HAVE_SYS_UN_H_TRUE=''
INSTALL_DATA='${INSTALL} -m 644'
INSTALL_PROGRAM='${INSTALL}'
INSTALL_SCRIPT='${INSTALL}'
INSTALL_STRIP_PROGRAM='$(install_sh) -c -s'
LD='/opt/pu300/host/usr/powerpc-buildroot-linux-uclibcspe/bin/ld'
LDFLAGS=''
LIBBCRYPT=''
LIBBCRYPT_PREFIX=''
LIBCRYPT32=''
LIBCRYPT32_PREFIX=''
LIBGCRYPT=''
LIBGCRYPT_FALSE=''
LIBGCRYPT_PREFIX=''
LIBGCRYPT_TRUE='#'
LIBMBEDCRYPTO=''
LIBMBEDCRYPTO_PREFIX=''
LIBOBJS=''
LIBS=''
LIBSREQUIRED='libssl libcrypto zlib'
LIBSSH2VER='1.10.0'
LIBSSL='-lssl -lcrypto'
LIBSSL_PREFIX=''
LIBTOOL='$(SHELL) $(top_builddir)/libtool'
LIBZ='-lz'
LIBZ_PREFIX=''
LIB_FUZZING_ENGINE=''
LIPO=''
LN_S='cp -pR'
LTLIBBCRYPT=''
LTLIBCRYPT32=''
LTLIBGCRYPT=''
LTLIBMBEDCRYPTO=''
LTLIBOBJS=''
LTLIBSSL='-lssl -lcrypto'
LTLIBZ='-lz'
LT_SYS_LIBRARY_PATH=''
MAINT='#'
MAINTAINER_MODE_FALSE=''
MAINTAINER_MODE_TRUE='#'
MAKEINFO='${SHELL} '\''/mnt/hgfs/hhe//23.5//SFTP/libssh2/missing'\'' makeinfo'
MANIFEST_TOOL=':'
MBEDTLS_FALSE=''
MBEDTLS_TRUE='#'
MKDIR_P='/bin/mkdir -p'
NM='nm'
NMEDIT=''
OBJDUMP='objdump'
OBJEXT='o'
OPENSSL_FALSE='#'
OPENSSL_TRUE=''
OTOOL64=''
OTOOL=''
PACKAGE='libssh2'
PACKAGE_BUGREPORT='libssh2-devel@cool.haxx.se'
PACKAGE_NAME='libssh2'
PACKAGE_STRING='libssh2 -'
PACKAGE_TARNAME='libssh2'
PACKAGE_URL=''
PACKAGE_VERSION='-'
PATH_SEPARATOR=':'
RANLIB='ranlib'
SED='/bin/sed'
SET_MAKE=''
SHELL='/bin/bash'
SSHD=''
SSHD_FALSE=''
SSHD_TRUE='#'
STRIP='strip'
USE_OSSFUZZERS_FALSE=''
USE_OSSFUZZERS_TRUE='#'
USE_OSSFUZZ_FLAG_FALSE=''
USE_OSSFUZZ_FLAG_TRUE='#'
USE_OSSFUZZ_STATIC_FALSE=''
USE_OSSFUZZ_STATIC_TRUE='#'
VERSION='-'
WINCNG_FALSE=''
WINCNG_TRUE='#'
ac_ct_AR='ar'
ac_ct_CC=''
ac_ct_CXX='g++'
ac_ct_DUMPBIN='link -dump'
am__EXEEXT_FALSE=''
am__EXEEXT_TRUE='#'
am__fastdepCC_FALSE='#'
am__fastdepCC_TRUE=''
am__fastdepCXX_FALSE='#'
am__fastdepCXX_TRUE=''
am__include='include'
am__isrc=''
am__leading_dot='.'
am__nodep='_no'
am__quote=''
am__tar='$${TAR-tar} chof - "$$tardir"'
am__untar='$${TAR-tar} xf -'
bindir='${exec_prefix}/bin'
build='i686-pc-linux-uclibc'
build_alias=''
build_cpu='i686'
build_os='linux-uclibc'
build_vendor='pc'
datadir='${datarootdir}'
datarootdir='${prefix}/share'
docdir='${datarootdir}/doc/${PACKAGE_TARNAME}'
dvidir='${docdir}'
exec_prefix='${prefix}'
host='powerpc-unknown-linux-gnu'
host_alias='powerpc-linux'
host_cpu='powerpc'
host_os='linux-gnu'
host_vendor='unknown'
htmldir='${docdir}'
includedir='${prefix}/include'
infodir='${datarootdir}/info'
install_sh='${SHELL} /mnt/hgfs/hhe//23.5//SFTP/libssh2/install-sh'
libdir='${exec_prefix}/lib'
libexecdir='${exec_prefix}/libexec'
localedir='${datarootdir}/locale'
localstatedir='${prefix}/var'
mandir='${datarootdir}/man'
mkdir_p='$(MKDIR_P)'
oldincludedir='/usr/include'
pdfdir='${docdir}'
prefix='/Output'
program_transform_name='s,x,x,'
psdir='${docdir}'
runstatedir='${localstatedir}/run'
sbindir='${exec_prefix}/sbin'
sharedstatedir='${prefix}/com'
sysconfdir='${prefix}/etc'
target_alias=''

## ----------- ##
## confdefs.h. ##
## ----------- ##

/* confdefs.h */
#define PACKAGE_NAME "libssh2"
#define PACKAGE_TARNAME "libssh2"
#define PACKAGE_VERSION "-"
#define PACKAGE_STRING "libssh2 -"
#define PACKAGE_BUGREPORT "libssh2-devel@cool.haxx.se"
#define PACKAGE_URL ""
#define PACKAGE "libssh2"
#define VERSION "-"
#define HAVE_STDIO_H 1
#define HAVE_STDLIB_H 1
#define HAVE_STRING_H 1
#define HAVE_INTTYPES_H 1
#define HAVE_STDINT_H 1
#define HAVE_STRINGS_H 1
#define HAVE_SYS_STAT_H 1
#define HAVE_SYS_TYPES_H 1
#define HAVE_UNISTD_H 1
#define STDC_HEADERS 1
#define HAVE_LONGLONG 1
#define HAVE_DLFCN_H 1
#define LT_OBJDIR ".libs/"
#define WORDS_BIGENDIAN 1
#define _FILE_OFFSET_BITS 64
#define HAVE_LIBSSL 1
#define LIBSSH2_OPENSSL 1
#define HAVE_EVP_AES_128_CTR 1
#define HAVE_LIBZ 1
#define LIBSSH2_HAVE_ZLIB 1
#define LIBSSH2_DH_GEX_NEW 1
#define HAVE_ERRNO_H 1
#define HAVE_FCNTL_H 1
#define HAVE_STDIO_H 1
#define HAVE_STDLIB_H 1
#define HAVE_UNISTD_H 1
#define HAVE_SYS_UIO_H 1
#define HAVE_SYS_SELECT_H 1
#define HAVE_SYS_SOCKET_H 1
#define HAVE_SYS_IOCTL_H 1
#define HAVE_SYS_TIME_H 1
#define HAVE_ARPA_INET_H 1
#define HAVE_NETINET_IN_H 1
#define HAVE_SYS_UN_H 1
#define HAVE_POLL 1
#define HAVE_GETTIMEOFDAY 1
#define HAVE_SELECT 1
#define HAVE_STRTOLL 1
#define HAVE_ALLOCA_H 1
#define HAVE_ALLOCA 1
#define HAVE_O_NONBLOCK 1

configure: exit 0
